-------------------- Log Start | Thu Oct 19 03:00:04 2023 --------------------
data_path: /home/m/printer_data
is_default_data_path: False
config_file: /home/m/printer_data/config/moonraker.conf
startup_warnings: []
verbose: False
debug: False
asyncio_debug: False
is_backup_config: False
is_python_package: True
instance_uuid: 2789442f2e9a445a89964c1bbf7d3a06
unix_socket_path: /home/m/printer_data/comms/moonraker.sock
software_version: v0.8.0-182-g9785387
git_branch: master
git_remote: origin
git_repo_url: https://github.com/Arksine/moonraker.git
modified_files: []
unofficial_components: []
log_file: /home/m/printer_data/logs/moonraker.log
python_version: 3.9.2 (default, Mar 12 2021, 04:06:34)  [GCC 10.2.1 20210110]
msgspec_enabled: False
uvloop_enabled: False

#################### Moonraker Configuration ####################

[server]
host = 0.0.0.0
port = 7125
max_upload_size = 1024
klippy_uds_address = ~/printer_data/comms/klippy.sock

[file_manager]
enable_object_processing = True

[authorization]
cors_domains = 
	https://my.mainsail.xyz
	http://my.mainsail.xyz
	http://*.local
	http://*.lan
	http://*.m01.cl
trusted_clients = 
	172.22.0.0/16
	10.0.0.0/8
	127.0.0.0/8
	169.254.0.0/16
	172.16.0.0/12
	192.168.0.0/16
	FE80::/10
	::1/128

[octoprint_compat]

[history]

[announcements]
subscriptions = 
	mainsail

[update_manager]
refresh_interval = 168
enable_auto_refresh = True

[update_manager mainsail]
type = web
channel = stable
repo = mainsail-crew/mainsail
path = ~/mainsail

[update_manager mainsail-config]
type = git_repo
primary_branch = master
path = ~/mainsail-config
origin = https://github.com/mainsail-crew/mainsail-config.git
managed_services = klipper

[update_manager crowsnest]
type = git_repo
path = ~/crowsnest
origin = https://github.com/mainsail-crew/crowsnest.git
managed_services = crowsnest
install_script = tools/pkglist.sh

[update_manager sonar]
type = git_repo
path = ~/sonar
origin = https://github.com/mainsail-crew/sonar.git
primary_branch = main
managed_services = sonar
install_script = tools/install.sh

[power printer]
type = gpio
pin = gpiochip0/gpio23
locked_while_printing = True
on_when_job_queued = True
restart_klipper_when_powered = True
restart_delay = 2
bound_service = klipper

[update_manager client moonraker-telegram-bot]
type = git_repo
path = ~/moonraker-telegram-bot
origin = https://github.com/nlef/moonraker-telegram-bot.git
env = ~/moonraker-telegram-bot-env/bin/python
requirements = scripts/requirements.txt
install_script = scripts/install.sh

#################################################################
All Configuration Files:
/home/m/printer_data/config/moonraker.conf
#################################################################
Unsafe Shutdown Count: 2

System Info:

***python***
  version: (3, 9, 2, 'final', 0)
  version_string: 3.9.2 (default, Mar 12 2021, 04:06:34)  [GCC 10.2.1 20210110]

***cpu_info***
  cpu_count: 4
  bits: 32bit
  processor: armv7l
  cpu_desc: ARMv7 Processor rev 4 (v7l)
  serial_number: 2d85fbc0
  hardware_desc: BCM2835
  model: Raspberry Pi 3 Model A Plus Rev 1.0
  total_memory: 372400
  memory_units: kB

***sd_info***
  manufacturer_id: 27
  manufacturer: Unknown
  oem_id: 5048
  product_name: SD16G
  product_revision: 3.0
  serial_number: 012fab24
  manufacturer_date: 7/2016
  capacity: 14.5 GiB
  total_bytes: 15523119104

***distribution***
  name: Raspbian GNU/Linux 11 (bullseye)
  id: raspbian
  version: 11
  version_parts: {'major': '11', 'minor': '', 'build_number': ''}
  like: debian
  codename: bullseye
  release_info: {'name': 'MainsailOS', 'version_id': '1.2.1', 'codename': 'bullseye', 'id': 'mainsailos'}

***virtualization***
  virt_type: none
  virt_identifier: none

***network***

***canbus***

***Allowed Services***
  klipper_mcu
  webcamd
  MoonCord
  KlipperScreen
  moonraker-telegram-bot
  moonraker-obico
  sonar
  crowsnest
  octoeverywhere
  ratos-configurator
libgpiod version: 1.6.2

Systemd unit moonraker.service:
unit_name: moonraker.service
is_default: True
manager: systemd
Properties:
**Requires=['sysinit.target', 'network-online.target', 'system.slice']
**After=['system.slice', 'basic.target', 'klipper.service', 'systemd-journald.socket', 'network-online.target', 'sysinit.target']
**SupplementaryGroups=['moonraker-admin']
**EnvironmentFiles=/home/m/printer_data/systemd/moonraker.env
**ExecStart=/home/m/moonraker-env/bin/python $MOONRAKER_ARGS
**WorkingDirectory=
**FragmentPath=/etc/systemd/system/moonraker.service
**Description=API Server for Klipper SV1
**User=m

Systemd unit klipper.service:
unit_name: klipper.service
is_default: True
manager: systemd
Properties:
**Requires=['sysinit.target', 'system.slice', '-.mount']
**After=['-.mount', 'system.slice', 'klipper-mcu.service', 'basic.target', 'systemd-journald.socket', 'network-online.target', 'sysinit.target']
**SupplementaryGroups=[]
**EnvironmentFiles=/home/m/printer_data/systemd/klipper.env
**ExecStart=/home/m/klippy-env/bin/python $KLIPPER_ARGS
**WorkingDirectory=/home/m/klipper
**FragmentPath=/etc/systemd/system/klipper.service
**Description=Klipper 3D Printer Firmware SV1
**User=m
Git Repo moonraker: Warnings detected:
  Repo has untracked source files: ['moonraker/components/timelapse.py']
Git Repo klipper: No warnings detected
Git Repo mainsail-config: No warnings detected
Git Repo crowsnest: No warnings detected
Git Repo sonar: No warnings detected
Git Repo moonraker-telegram-bot: No warnings detected
Klipper Version: v0.11.0-295-g83ef0e13
2023-10-19 00:00:04,448 [common.py:build_error()] - JSON-RPC Request Error - Requested Method: printer.objects.query, Code: 503, Message: Klippy Host not connected
2023-10-19 00:00:04,466 [common.py:build_error()] - JSON-RPC Request Error - Requested Method: printer.info, Code: 503, Message: Klippy Host not connected
2023-10-19 00:00:04,476 [common.py:build_error()] - JSON-RPC Request Error - Requested Method: printer.objects.query, Code: 503, Message: Klippy Host not connected
2023-10-19 00:00:20,909 [proc_stats.py:_watchdog_callback()] - EVENT LOOP BLOCKED: 11.45 seconds, total blocked count: 1
2023-10-19 00:00:21,111 [proc_stats.py:log_last_stats()] - 
System Time: 1697684407.302375, Usage: 1.78%, Memory: 27016 kB
System Time: 1697684408.302094, Usage: 1.88%, Memory: 27016 kB
System Time: 1697684409.301214, Usage: 1.75%, Memory: 27016 kB
System Time: 1697684410.305602, Usage: 1.66%, Memory: 27016 kB
System Time: 1697684411.308657, Usage: 2.13%, Memory: 27016 kB
2023-10-19 00:00:23,418 [machine.py:_parse_network_interfaces()] - Error processing network update
Traceback (most recent call last):
  File "/home/m/moonraker/moonraker/components/machine.py", line 627, in _parse_network_interfaces
    resp = await self.addr_cmd.run_with_response(log_complete=False)
  File "/home/m/moonraker/moonraker/components/shell_command.py", line 277, in run_with_response
    raise ShellCommandError(
moonraker.components.shell_command.ShellCommandError: Error running shell command: 'ip -json -det address'
2023-10-19 00:00:34,424 [common.py:build_error()] - JSON-RPC Request Error - Requested Method: printer.objects.query, Code: 503, Message: Klippy Host not connected
2023-10-19 00:00:34,428 [common.py:build_error()] - JSON-RPC Request Error - Requested Method: printer.info, Code: 503, Message: Klippy Host not connected
2023-10-19 00:00:34,433 [common.py:build_error()] - JSON-RPC Request Error - Requested Method: printer.objects.query, Code: 503, Message: Klippy Host not connected
2023-10-19 00:01:04,430 [common.py:build_error()] - JSON-RPC Request Error - Requested Method: printer.objects.query, Code: 503, Message: Klippy Host not connected
2023-10-19 00:01:04,436 [common.py:build_error()] - JSON-RPC Request Error - Requested Method: printer.info, Code: 503, Message: Klippy Host not connected
2023-10-19 00:01:04,442 [common.py:build_error()] - JSON-RPC Request Error - Requested Method: printer.objects.query, Code: 503, Message: Klippy Host not connected
