=============== Log rollover at Wed Nov 22 16:34:13 2023 ===============
Starting Klippy...
Args: ['/home/m/klipper/klippy/klippy.py', '/home/m/printer_data/config/printer.cfg', '-l', '/home/m/printer_data/logs/klippy.log', '-I', '/home/m/printer_data/comms/klippy.serial', '-a', '/home/m/printer_data/comms/klippy.sock']
Git version: 'v0.12.0-10-gea2f6bc0'
Branch: master
Remote: origin
Tracked URL: https://github.com/Klipper3d/klipper.git
CPU: 4 core ARMv7 Processor rev 4 (v7l)
Python: '3.9.2 (default, Mar 12 2021, 04:06:34) \n[GCC 10.2.1 20210110]'
Building C code module c_helper.so
Start printer at Wed Nov 22 16:34:32 2023 (1700681672.2 285754.4)
===== Config file =====
[virtual_sdcard]
path = /home/m/printer_data/gcodes
on_error_gcode = CANCEL_PRINT

[pause_resume]

[display_status]

[respond]

[gcode_macro CANCEL_PRINT]
description = Cancel the actual running print
rename_existing = CANCEL_PRINT_BASE
gcode = 
	
	{% set client = printer['gcode_macro _CLIENT_VARIABLE']|default({}) %}
	{% set allow_park = client.park_at_cancel|default(false)|lower == 'true' %}
	{% set retract = client.cancel_retract|default(5.0)|abs %}
	
	{% set park_x = "" if (client.park_at_cancel_x|default(none) is none)
	else "X=" ~ client.park_at_cancel_x %}
	{% set park_y = "" if (client.park_at_cancel_y|default(none) is none)
	else "Y=" ~ client.park_at_cancel_y %}
	{% set custom_park = park_x|length > 0 or park_y|length > 0 %}
	
	
	{% if printer['gcode_macro RESUME'].restore_idle_timeout > 0 %}
	SET_IDLE_TIMEOUT TIMEOUT={printer['gcode_macro RESUME'].restore_idle_timeout}
	{% endif %}
	{% if (custom_park or not printer.pause_resume.is_paused) and allow_park %} _TOOLHEAD_PARK_PAUSE_CANCEL {park_x} {park_y} {% endif %}
	_CLIENT_RETRACT LENGTH={retract}
	TURN_OFF_HEATERS
	M106 S0
	{client.user_cancel_macro|default("")}
	SET_GCODE_VARIABLE MACRO=RESUME VARIABLE=idle_state VALUE=False
	
	SET_PAUSE_NEXT_LAYER ENABLE=0
	SET_PAUSE_AT_LAYER ENABLE=0 LAYER=0
	CANCEL_PRINT_BASE

[gcode_macro PAUSE]
description = Pause the actual running print
rename_existing = PAUSE_BASE
gcode = 
	
	{% set client = printer['gcode_macro _CLIENT_VARIABLE']|default({}) %}
	{% set idle_timeout = client.idle_timeout|default(0) %}
	{% set temp = printer[printer.toolhead.extruder].target if printer.toolhead.extruder != '' else 0 %}
	{% set restore = False if printer.toolhead.extruder == ''
	else True  if params.RESTORE|default(1)|int == 1 else False %}
	
	SET_GCODE_VARIABLE MACRO=RESUME VARIABLE=last_extruder_temp VALUE="{{'restore': restore, 'temp': temp}}"
	
	{% if idle_timeout > 0 %}
	SET_GCODE_VARIABLE MACRO=RESUME VARIABLE=restore_idle_timeout VALUE={printer.configfile.settings.idle_timeout.timeout}
	SET_IDLE_TIMEOUT TIMEOUT={idle_timeout}
	{% endif %}
	PAUSE_BASE
	{client.user_pause_macro|default("")}
	_TOOLHEAD_PARK_PAUSE_CANCEL {rawparams}

[gcode_macro RESUME]
description = Resume the actual running print
rename_existing = RESUME_BASE
variable_last_extruder_temp = {'restore': False, 'temp': 0}
variable_restore_idle_timeout = 0
variable_idle_state = False
gcode = 
	
	{% set client = printer['gcode_macro _CLIENT_VARIABLE']|default({}) %}
	{% set velocity = printer.configfile.settings.pause_resume.recover_velocity %}
	{% set sp_move = client.speed_move|default(velocity) %}
	{% set runout_resume = True if client.runout_sensor|default("") == ""
	else True if not printer[client.runout_sensor].enabled
	else printer[client.runout_sensor].filament_detected %}
	{% set can_extrude = True if printer.toolhead.extruder == ''
	else printer[printer.toolhead.extruder].can_extrude %}
	{% set do_resume = False %}
	
	
	{% if printer.idle_timeout.state|upper == "IDLE" or idle_state %}
	SET_GCODE_VARIABLE MACRO=RESUME VARIABLE=idle_state VALUE=False
	{% if last_extruder_temp.restore %}
	
	RESPOND TYPE=echo MSG='{"Restoring \"%s\" temperature to %3.1f\u00B0C, this may take some time" % (printer.toolhead.extruder, last_extruder_temp.temp) }'
	M109 S{last_extruder_temp.temp}
	{% set do_resume = True %}
	{% elif can_extrude %}
	{% set do_resume = True %}
	{% else %}
	RESPOND TYPE=error MSG='{"Resume aborted !!! \"%s\" not hot enough, please heat up again and press RESUME" % printer.toolhead.extruder}'
	{% endif %}
	
	{% elif can_extrude %}
	{% set do_resume = True %}
	{% else %}
	RESPOND TYPE=error MSG='{"Resume aborted !!! \"%s\" not hot enough, please heat up again and press RESUME" % printer.toolhead.extruder}'
	{% endif %}
	{% if runout_resume %}
	{% if do_resume %}
	{% if restore_idle_timeout > 0 %} SET_IDLE_TIMEOUT TIMEOUT={restore_idle_timeout} {% endif %}
	{client.user_resume_macro|default("")}
	_CLIENT_EXTRUDE
	RESUME_BASE VELOCITY={params.VELOCITY|default(sp_move)}
	{% endif %}
	{% else %}
	RESPOND TYPE=error MSG='{"Resume aborted !!! \"%s\" detects no filament, please load filament and press RESUME" % (client.runout_sensor.split(" "))[1]}'
	{% endif %}

[gcode_macro SET_PAUSE_NEXT_LAYER]
description = Enable a pause if the next layer is reached
gcode = 
	{% set pause_next_layer = printer['gcode_macro SET_PRINT_STATS_INFO'].pause_next_layer %}
	{% set ENABLE = params.ENABLE|default(1)|int != 0 %}
	{% set MACRO = params.MACRO|default(pause_next_layer.call, True) %}
	SET_GCODE_VARIABLE MACRO=SET_PRINT_STATS_INFO VARIABLE=pause_next_layer VALUE="{{ 'enable': ENABLE, 'call': MACRO }}"

[gcode_macro SET_PAUSE_AT_LAYER]
description = Enable/disable a pause if a given layer number is reached
gcode = 
	{% set pause_at_layer = printer['gcode_macro SET_PRINT_STATS_INFO'].pause_at_layer %}
	{% set ENABLE = params.ENABLE|int != 0 if params.ENABLE is defined
	else params.LAYER is defined %}
	{% set LAYER = params.LAYER|default(pause_at_layer.layer)|int %}
	{% set MACRO = params.MACRO|default(pause_at_layer.call, True) %}
	SET_GCODE_VARIABLE MACRO=SET_PRINT_STATS_INFO VARIABLE=pause_at_layer VALUE="{{ 'enable': ENABLE, 'layer': LAYER, 'call': MACRO }}"

[gcode_macro SET_PRINT_STATS_INFO]
rename_existing = SET_PRINT_STATS_INFO_BASE
description = Overwrite, to get pause_next_layer and pause_at_layer feature
variable_pause_next_layer = { 'enable': False, 'call': "PAUSE" }
variable_pause_at_layer = { 'enable': False, 'layer': 0, 'call': "PAUSE" }
gcode = 
	{% if pause_next_layer.enable %}
	RESPOND TYPE=echo MSG='{"%s, forced by pause_next_layer" % pause_next_layer.call}'
	{pause_next_layer.call}
	SET_PAUSE_NEXT_LAYER ENABLE=0
	{% elif pause_at_layer.enable and params.CURRENT_LAYER is defined and params.CURRENT_LAYER|int == pause_at_layer.layer %}
	RESPOND TYPE=echo MSG='{"%s, forced by pause_at_layer [%d]" % (pause_at_layer.call, pause_at_layer.layer)}'
	{pause_at_layer.call}
	SET_PAUSE_AT_LAYER ENABLE=0
	{% endif %}
	SET_PRINT_STATS_INFO_BASE {rawparams}

[gcode_macro _TOOLHEAD_PARK_PAUSE_CANCEL]
description = Helper: park toolhead used in PAUSE and CANCEL_PRINT
gcode = 
	
	{% set client = printer['gcode_macro _CLIENT_VARIABLE']|default({}) %}
	{% set velocity = printer.configfile.settings.pause_resume.recover_velocity %}
	{% set use_custom     = client.use_custom_pos|default(false)|lower == 'true' %}
	{% set custom_park_x  = client.custom_park_x|default(0.0) %}
	{% set custom_park_y  = client.custom_park_y|default(0.0) %}
	{% set park_dz        = client.custom_park_dz|default(2.0)|abs %}
	{% set sp_hop         = client.speed_hop|default(15) * 60 %}
	{% set sp_move        = client.speed_move|default(velocity) * 60 %}
	
	{% set origin    = printer.gcode_move.homing_origin %}
	{% set act       = printer.gcode_move.gcode_position %}
	{% set max       = printer.toolhead.axis_maximum %}
	{% set cone      = printer.toolhead.cone_start_z|default(max.z) %}
	{% set round_bed = True if printer.configfile.settings.printer.kinematics is in ['delta','polar','rotary_delta','winch']
	else False %}
	
	{% set z_min = params.Z_MIN|default(0)|float %}
	{% set z_park = [[(act.z + park_dz), z_min]|max, (max.z - origin.z)]|min %}
	{% set x_park = params.X       if params.X is defined
	else custom_park_x  if use_custom
	else 0.0            if round_bed
	else (max.x - 5.0) %}
	{% set y_park = params.Y       if params.Y is defined
	else custom_park_y  if use_custom
	else (max.y - 5.0)  if round_bed and z_park < cone
	else 0.0            if round_bed
	else (max.y - 5.0) %}
	
	_CLIENT_RETRACT
	{% if "xyz" in printer.toolhead.homed_axes %}
	G90
	G1 Z{z_park} F{sp_hop}
	G1 X{x_park} Y{y_park} F{sp_move}
	{% if not printer.gcode_move.absolute_coordinates %} G91 {% endif %}
	{% else %}
	RESPOND TYPE=echo MSG='Printer not homed'
	{% endif %}

[gcode_macro _CLIENT_EXTRUDE]
description = Extrudes, if the extruder is hot enough
gcode = 
	
	{% set client = printer['gcode_macro _CLIENT_VARIABLE']|default({}) %}
	{% set use_fw_retract = (client.use_fw_retract|default(false)|lower == 'true') and (printer.firmware_retraction is defined) %}
	{% set length = params.LENGTH|default(client.unretract)|default(1.0)|float %}
	{% set speed = params.SPEED|default(client.speed_unretract)|default(35) %}
	{% set absolute_extrude = printer.gcode_move.absolute_extrude %}
	
	{% if printer.toolhead.extruder != '' %}
	{% if printer[printer.toolhead.extruder].can_extrude %}
	{% if use_fw_retract %}
	{% if length < 0 %}
	G10
	{% else %}
	G11
	{% endif %}
	{% else %}
	M83
	G1 E{length} F{(speed|float|abs) * 60}
	{% if absolute_extrude %}
	M82
	{% endif %}
	{% endif %}
	{% else %}
	RESPOND TYPE=echo MSG='{"\"%s\" not hot enough" % printer.toolhead.extruder}'
	{% endif %}
	{% endif %}

[gcode_macro _CLIENT_RETRACT]
description = Retracts, if the extruder is hot enough
gcode = 
	{% set client = printer['gcode_macro _CLIENT_VARIABLE']|default({}) %}
	{% set length = params.LENGTH|default(client.retract)|default(1.0)|float %}
	{% set speed = params.SPEED|default(client.speed_retract)|default(35) %}
	
	_CLIENT_EXTRUDE LENGTH=-{length|float|abs} SPEED={speed|float|abs}

[gcode_macro _CLIENT_VARIABLE]
variable_runout_sensor = "extruder_filament_sensor"
gcode = 

[gcode_macro PROBE_OUT]
gcode = 
	G90
	G1 X245 F4000
	G4 P300
	G1 Z15
	G1 X0

[gcode_macro PROBE_IN]
gcode = 
	G90
	G1 Z20
	G1 X245 F20000
	G1 Y-8
	G1 Z0
	G4 P300
	G1 X220 F6000
	G1 Z10
	G1 X0

[gcode_macro CLEAN_NOZZLE]
variable_start_x = 185
variable_start_y = -15
variable_fuzz_amount = 2
variable_start_z = 2
variable_wipe_dist = 45
variable_wipe_qty = 6
variable_wipe_spd = 400
variable_raise_distance = 10
variable_clear_distance = 10
gcode = 
	{% if "xyz" in printer.toolhead.homed_axes %}
	{% set fuzz_range = range ( ( ( (fuzz_amount * 100) | int + 1 ) * -1 ), (fuzz_amount * 100) | int + 1) %}
	{% set adapted_y = start_y + (fuzz_range | random / 100.0) %}
	
	SAVE_GCODE_STATE NAME=clean_nozzle
	G90
	
	G1 X{start_x} Y{adapted_y} F6000
	G1 Z{start_z} F1500
	
	G1 E-2 F3000
	
	
	{% for wipes in range(1, (wipe_qty + 1)) %}
	G1 X{start_x + wipe_dist} F{wipe_spd * 60}
	G1 X{start_x} F{wipe_spd * 60}
	{% endfor %}
	
	G1 Z{raise_distance} F3000
	G1 Y{clear_distance} F6000
	M117 Cleaned!
	
	RESTORE_GCODE_STATE NAME=clean_nozzle
	{% else %}
	
	
	{ action_raise_error("Please home your axes!") }
	M117 Please home first!
	{% endif %}

[gcode_macro PRINT_START]
gcode = 
	
	{% set target_bed = params.BED|int %}
	{% set target_extruder = params.EXTRUDER|int %}
	{% set target_chamber = params.CHAMBER|default("40")|int %}
	{% set x_wait = printer.toolhead.axis_maximum.x|float / 2 %}
	{% set y_wait = printer.toolhead.axis_maximum.y|float / 2 %}
	M140 S{target_bed}
	M104 S150
	
	
	BED_MESH_CLEAR
	
	SET_DISPLAY_TEXT MSG="Hotend: 150c"
	
	M190 S{target_bed}
	G28
	SET_DISPLAY_TEXT MSG="Z-tilt adjust"
	Z_TILT_ADJUST
	G28 Z
	G90
	M82
	G1 X{x_wait} Y{y_wait} Z15 F9000
	M109 S150
	
	SET_DISPLAY_TEXT MSG="Bed mesh"
	bed_mesh_calibrate
	
	
	SET_DISPLAY_TEXT MSG="Hotend: {target_extruder}c"
	
	SMART_PARK
	M107
	M109 S{target_extruder}
	
	
	CLEAN_NOZZLE
	SET_DISPLAY_TEXT MSG="Printer goes brr"
	
	
	
	
	
	
	
	
	
	LINE_PURGE

[gcode_macro PRINT_END]
gcode = 
	SET_DISPLAY_TEXT MSG="Print Finished"
	
	M140 S0
	M104 S0
	M106 S0
	
	G91
	G1 X-2 Y-2 E-3 F300
	
	G1 Z10 F3000
	G90
	G0 Y170 X10
	
	M84
	UPDATE_DELAYED_GCODE ID=POWER_OFF_PRINTER_CHECK DURATION=30

[gcode_macro _POWER_OFF_PRINTER]
gcode = 
	{action_call_remote_method("set_device_power",
	device="printer",
	state="off")}

[delayed_gcode POWER_OFF_PRINTER_CHECK]
gcode = 
	{% if printer.idle_timeout.state == "Idle" or printer.idle_timeout.state == "Ready" %}
	{% if printer.extruder.temperature < 50.0 and printer.heater_bed.temperature < 50.0 %}
	{% if printer.extruder.target == 0.0 and printer.heater_bed.target == 0.0 %}
	UPDATE_DELAYED_GCODE ID=POWER_OFF_PRINTER_CHECK DURATION=0
	SET_DISPLAY_TEXT MSG="PowerOff Printer"
	_POWER_OFF_PRINTER
	{% else %}
	UPDATE_DELAYED_GCODE ID=POWER_OFF_PRINTER_CHECK DURATION=2
	{% endif %}
	{% else %}
	{% if printer.idle_timeout.state == "Printing" %}
	UPDATE_DELAYED_GCODE ID=POWER_OFF_PRINTER_CHECK DURATION=0
	{% else %}
	{% if printer.extruder.target == 0.0 and printer.heater_bed.target == 0.0 %}
	UPDATE_DELAYED_GCODE ID=POWER_OFF_PRINTER_CHECK DURATION=2
	{% else %}
	UPDATE_DELAYED_GCODE ID=POWER_OFF_PRINTER_CHECK DURATION=0
	{% endif %}
	{% endif %}
	{% endif %}
	{% endif %}

[gcode_macro ACTIVATE_POWER_OFF]
gcode = 
	UPDATE_DELAYED_GCODE ID=POWER_OFF_PRINTER_CHECK_ACT DURATION=60

[gcode_macro DEACTIVATE_POWER_OFF]
gcode = 
	UPDATE_DELAYED_GCODE ID=POWER_OFF_PRINTER_CHECK_ACT DURATION=0

[delayed_gcode POWER_OFF_PRINTER_CHECK_ACT]
gcode = 
	{% if printer.idle_timeout.state == "Idle" or printer.idle_timeout.state == "Ready" %}
	UPDATE_DELAYED_GCODE ID=POWER_OFF_PRINTER_CHECK DURATION=30
	{% else %}
	UPDATE_DELAYED_GCODE ID=POWER_OFF_PRINTER_CHECK_ACT DURATION=60
	{% endif %}

[gcode_macro M600]
gcode = 
	
	PAUSE

[gcode_macro _bot_data]
variable_lapse_video_size = 0
variable_lapse_filename = 'None'
variable_lapse_path = 'None'
gcode = 
	M118 Setting bot lapse variables

[gcode_macro TEST_SPEED]
gcode = 
	
	{% set speed  = params.SPEED|default(printer.configfile.settings.printer.max_velocity)|int %}
	
	{% set iterations = params.ITERATIONS|default(5)|int %}
	
	{% set accel  = params.ACCEL|default(printer.configfile.settings.printer.max_accel)|int %}
	
	{% set bound = params.BOUND|default(20)|int %}
	
	{% set smallpatternsize = SMALLPATTERNSIZE|default(20)|int %}
	
	
	
	{% set x_min = printer.toolhead.axis_minimum.x + bound %}
	{% set x_max = printer.toolhead.axis_maximum.x - bound %}
	{% set y_min = printer.toolhead.axis_minimum.y + bound %}
	{% set y_max = printer.toolhead.axis_maximum.y - bound %}
	
	
	
	{% set x_center = (printer.toolhead.axis_minimum.x|float + printer.toolhead.axis_maximum.x|float ) / 2 %}
	{% set y_center = (printer.toolhead.axis_minimum.y|float + printer.toolhead.axis_maximum.y|float ) / 2 %}
	
	
	{% set x_center_min = x_center - (smallpatternsize/2) %}
	{% set x_center_max = x_center + (smallpatternsize/2) %}
	{% set y_center_min = y_center - (smallpatternsize/2) %}
	{% set y_center_max = y_center + (smallpatternsize/2) %}
	
	
	SAVE_GCODE_STATE NAME=TEST_SPEED
	
	
	{ action_respond_info("TEST_SPEED: starting %d iterations at speed %d, accel %d" % (iterations, speed, accel)) }
	
	
	M400
	G28
	
	{% if printer.configfile.settings.quad_gantry_level %}
	{% if printer.quad_gantry_level.applied == False %}
	QUAD_GANTRY_LEVEL
	G28 Z
	{% endif %}
	{% endif %}
	
	G90
	G1 X{printer.toolhead.axis_maximum.x-50} Y{printer.toolhead.axis_maximum.y-50} F{30*60}
	M400
	G28 X Y
	G0 X{printer.toolhead.axis_maximum.x-1} Y{printer.toolhead.axis_maximum.y-1} F{30*60}
	G4 P1000
	GET_POSITION
	
	
	G0 X{x_min} Y{y_min} Z{bound + 10} F{speed*60}
	
	
	SET_VELOCITY_LIMIT VELOCITY={speed} ACCEL={accel} ACCEL_TO_DECEL={accel / 2}
	
	{% for i in range(iterations) %}
	
	G0 X{x_min} Y{y_min} F{speed*60}
	G0 X{x_max} Y{y_max} F{speed*60}
	G0 X{x_min} Y{y_min} F{speed*60}
	G0 X{x_max} Y{y_min} F{speed*60}
	G0 X{x_min} Y{y_max} F{speed*60}
	G0 X{x_max} Y{y_min} F{speed*60}
	
	
	G0 X{x_min} Y{y_min} F{speed*60}
	G0 X{x_min} Y{y_max} F{speed*60}
	G0 X{x_max} Y{y_max} F{speed*60}
	G0 X{x_max} Y{y_min} F{speed*60}
	
	
	G0 X{x_center_min} Y{y_center_min} F{speed*60}
	G0 X{x_center_max} Y{y_center_max} F{speed*60}
	G0 X{x_center_min} Y{y_center_min} F{speed*60}
	G0 X{x_center_max} Y{y_center_min} F{speed*60}
	G0 X{x_center_min} Y{y_center_max} F{speed*60}
	G0 X{x_center_max} Y{y_center_min} F{speed*60}
	
	
	G0 X{x_center_min} Y{y_center_min} F{speed*60}
	G0 X{x_center_min} Y{y_center_max} F{speed*60}
	G0 X{x_center_max} Y{y_center_max} F{speed*60}
	G0 X{x_center_max} Y{y_center_min} F{speed*60}
	{% endfor %}
	
	
	SET_VELOCITY_LIMIT VELOCITY={printer.configfile.settings.printer.max_velocity} ACCEL={printer.configfile.settings.printer.max_accel} ACCEL_TO_DECEL={printer.configfile.settings.printer.max_accel_to_decel}
	
	
	M400
	G28
	
	G90
	G0 X{printer.toolhead.axis_maximum.x-1} Y{printer.toolhead.axis_maximum.y-1} F{30*60}
	G4 P1000
	GET_POSITION
	
	
	RESTORE_GCODE_STATE NAME=TEST_SPEED

[gcode_macro BED_MESH_CALIBRATE]
rename_existing = _BED_MESH_CALIBRATE
gcode = 
	
	{% set all_points = printer.exclude_object.objects | map(attribute='polygon') | sum(start=[]) %}
	{% set bed_mesh_min = printer.configfile.settings.bed_mesh.mesh_min %}
	{% set bed_mesh_max = printer.configfile.settings.bed_mesh.mesh_max %}
	{% set probe_count = printer.configfile.settings.bed_mesh.probe_count %}
	{% set kamp_settings = printer["gcode_macro _KAMP_Settings"] %}
	{% set verbose_enable = kamp_settings.verbose_enable | abs %}
	{% set probe_dock_enable = kamp_settings.probe_dock_enable | abs %}
	{% set attach_macro = kamp_settings.attach_macro | string %}
	{% set detach_macro = kamp_settings.detach_macro | string %}
	{% set mesh_margin = kamp_settings.mesh_margin | float %}
	{% set fuzz_amount = kamp_settings.fuzz_amount | float %}
	{% set probe_count = probe_count if probe_count|length > 1 else probe_count * 2  %}
	{% set max_probe_point_distance_x = ( bed_mesh_max[0] - bed_mesh_min[0] ) / (probe_count[0] - 1)  %}
	{% set max_probe_point_distance_y = ( bed_mesh_max[1] - bed_mesh_min[1] ) / (probe_count[1] - 1)  %}
	{% set x_min = all_points | map(attribute=0) | min | default(bed_mesh_min[0]) %}
	{% set y_min = all_points | map(attribute=1) | min | default(bed_mesh_min[1]) %}
	{% set x_max = all_points | map(attribute=0) | max | default(bed_mesh_max[0]) %}
	{% set y_max = all_points | map(attribute=1) | max | default(bed_mesh_max[1]) %}
	
	{% set fuzz_range = range((0) | int, (fuzz_amount * 100) | int + 1) %}
	{% set adapted_x_min = x_min - mesh_margin - (fuzz_range | random / 100.0) %}
	{% set adapted_y_min = y_min - mesh_margin - (fuzz_range | random / 100.0) %}
	{% set adapted_x_max = x_max + mesh_margin + (fuzz_range | random / 100.0) %}
	{% set adapted_y_max = y_max + mesh_margin + (fuzz_range | random / 100.0) %}
	
	{% set adapted_x_min = [adapted_x_min , bed_mesh_min[0]] | max %}
	{% set adapted_y_min = [adapted_y_min , bed_mesh_min[1]] | max %}
	{% set adapted_x_max = [adapted_x_max , bed_mesh_max[0]] | min %}
	{% set adapted_y_max = [adapted_y_max , bed_mesh_max[1]] | min %}
	
	{% set points_x = (((adapted_x_max - adapted_x_min) / max_probe_point_distance_x) | round(method='ceil') | int) + 1 %}
	{% set points_y = (((adapted_y_max - adapted_y_min) / max_probe_point_distance_y) | round(method='ceil') | int) + 1 %}
	
	{% if (([points_x, points_y]|max) > 6) %}
	{% set algorithm = "bicubic" %}
	{% set min_points = 4 %}
	{% else %}
	{% set algorithm = "lagrange" %}
	{% set min_points = 3 %}
	{% endif %}
	
	{% set points_x = [points_x , min_points]|max %}
	{% set points_y = [points_y , min_points]|max %}
	{% set points_x = [points_x , probe_count[0]]|min %}
	{% set points_y = [points_y , probe_count[1]]|min %}
	
	{% if verbose_enable == True %}
	{% if printer.exclude_object.objects != [] %}
	
	{ action_respond_info( "Algorithm: {}.".format(
	(algorithm),
	)) }
	
	{ action_respond_info("Default probe count: {},{}.".format(
	(probe_count[0]),
	(probe_count[1]),
	)) }
	
	{ action_respond_info("Adapted probe count: {},{}.".format(
	(points_x),
	(points_y),
	)) }
	
	{action_respond_info("Default mesh bounds: {}, {}.".format(
	(bed_mesh_min[0],bed_mesh_min[1]),
	(bed_mesh_max[0],bed_mesh_max[1]),
	)) }
	
	{% if mesh_margin > 0 %}
	{action_respond_info("Mesh margin is {}, mesh bounds extended by {}mm.".format(
	(mesh_margin),
	(mesh_margin),
	)) }
	{% else %}
	{action_respond_info("Mesh margin is 0, margin not increased.")}
	{% endif %}
	
	{% if fuzz_amount > 0 %}
	{action_respond_info("Mesh point fuzzing enabled, points fuzzed up to {}mm.".format(
	(fuzz_amount),
	)) }
	{% else %}
	{action_respond_info("Fuzz amount is 0, mesh points not fuzzed.")}
	{% endif %}
	
	{ action_respond_info("Adapted mesh bounds: {}, {}.".format(
	(adapted_x_min, adapted_y_min),
	(adapted_x_max, adapted_y_max),
	)) }
	
	{action_respond_info("KAMP adjustments successful. Happy KAMPing!")}
	
	{% else %}
	
	{action_respond_info("No objects detected! Check your gcode and make sure that EXCLUDE_OBJECT_DEFINE is happening before BED_MESH_CALIBRATE is called. Defaulting to regular meshing.")}
	G4 P5000
	{% endif %}
	
	{% endif %}
	
	{% if probe_dock_enable == True %}
	{attach_macro}
	{% endif %}
	
	_BED_MESH_CALIBRATE mesh_min={adapted_x_min},{adapted_y_min} mesh_max={adapted_x_max},{adapted_y_max} ALGORITHM={algorithm} PROBE_COUNT={points_x},{points_y}
	
	{% if probe_dock_enable == True %}
	{detach_macro}
	{% endif %}

[gcode_macro LINE_PURGE]
description = A purge macro that adapts to be near your actual printed objects
gcode = 
	
	{% set travel_speed = (printer.toolhead.max_velocity) * 60 | float %}
	{% set cross_section = printer.configfile.settings.extruder.max_extrude_cross_section | float %}
	
	
	{% if printer.firmware_retraction is defined %}
	{% set RETRACT = G10 | string %}
	{% set UNRETRACT = G11 | string %}
	{% else %}
	{% set RETRACT = 'G1 E-.5 F2100' | string %}
	{% set UNRETRACT = 'G1 E.5 F2100' | string %}
	{% endif %}
	
	
	{% set verbose_enable = printer["gcode_macro _KAMP_Settings"].verbose_enable | abs %}
	{% set purge_height = printer["gcode_macro _KAMP_Settings"].purge_height | float %}
	{% set tip_distance = printer["gcode_macro _KAMP_Settings"].tip_distance | float %}
	{% set purge_margin = printer["gcode_macro _KAMP_Settings"].purge_margin | float %}
	{% set purge_amount = printer["gcode_macro _KAMP_Settings"].purge_amount | float %}
	{% set flow_rate = printer["gcode_macro _KAMP_Settings"].flow_rate | float %}
	
	
	
	{% set all_points = printer.exclude_object.objects | map(attribute='polygon') | sum(start=[]) %}
	{% set purge_x_min = (all_points | map(attribute=0) | min | default(0)) %}
	{% set purge_x_max = (all_points | map(attribute=0) | max | default(0)) %}
	{% set purge_y_min = (all_points | map(attribute=1) | min | default(0)) %}
	{% set purge_y_max = (all_points | map(attribute=1) | max | default(0)) %}
	
	{% set purge_x_center = ([((purge_x_max + purge_x_min) / 2) - (purge_amount / 2), 0] | max) %}
	{% set purge_y_center = ([((purge_y_max + purge_y_min) / 2) - (purge_amount / 2), 0] | max) %}
	
	{% set purge_x_origin = ([purge_x_min - purge_margin, 0] | max) %}
	{% set purge_y_origin = ([purge_y_min - purge_margin, 0] | max) %}
	
	
	{% set purge_move_speed = (flow_rate / 5.0) * 60 | float %}
	
	{% if cross_section < 5 %}
	
	{action_respond_info("[Extruder] max_extrude_cross_section is insufficient for purge, please set it to 5 or greater. Purge skipped.")}
	
	{% else %}
	
	{% if verbose_enable == True %}
	
	{action_respond_info("Moving filament tip {}mms".format(
	(tip_distance),
	)) }
	{% endif %}
	
	{% if printer.firmware_retraction is defined %}
	{action_respond_info("KAMP purge is using firmware retraction.")}
	{% else %}
	{action_respond_info("KAMP purge is not using firmware retraction, it is recommended to configure it.")}
	{% endif %}
	
	{% if purge_y_origin > 0 %}
	
	{action_respond_info("KAMP purge starting at {}, {} and purging {}mm of filament, requested flow rate is {}mm/s3.".format(
	(purge_x_center),
	(purge_y_origin),
	(purge_amount),
	(flow_rate),
	)) }
	
	{% else %}
	
	{action_respond_info("KAMP purge starting at {}, {} and purging {}mm of filament, requested flow rate is {}mm/s3.".format(
	(purge_x_origin),
	(purge_y_center),
	(purge_amount),
	(flow_rate),
	)) }
	
	{% endif %}
	
	SAVE_GCODE_STATE NAME=Prepurge_State
	
	{% if purge_y_origin > 0 %}
	
	G92 E0
	G0 F{travel_speed}
	G90
	G0 X{purge_x_center} Y{purge_y_origin}
	G0 Z{purge_height}
	M83
	G1 E{tip_distance} F{purge_move_speed}
	G1 X{purge_x_center + purge_amount} E{purge_amount} F{purge_move_speed}
	{RETRACT}
	G0 X{purge_x_center + purge_amount + 10} F{travel_speed}
	G92 E0
	M82
	G0 Z{purge_height * 2} F{travel_speed}
	
	{% else %}
	
	G92 E0
	G0 F{travel_speed}
	G90
	G0 X{purge_x_origin} Y{purge_y_center}
	G0 Z{purge_height}
	M83
	G1 E{tip_distance} F{purge_move_speed}
	G1 Y{purge_y_center + purge_amount} E{purge_amount} F{purge_move_speed}
	{RETRACT}
	G0 Y{purge_y_center + purge_amount + 10} F{travel_speed}
	G92 E0
	M82
	G0 Z{purge_height * 2} F{travel_speed}
	
	{% endif %}
	
	RESTORE_GCODE_STATE NAME=Prepurge_State
	
	{% endif %}

[gcode_macro SMART_PARK]
description = Parks your printhead near the print area for pre-print hotend heating.
gcode = 
	
	{% set kamp_settings = printer["gcode_macro _KAMP_Settings"] %}
	{% set z_height = kamp_settings.smart_park_height | float %}
	{% set purge_margin = kamp_settings.purge_margin | float %}
	{% set verbose_enable = kamp_settings.verbose_enable | abs %}
	{% set center_x = printer.toolhead.axis_maximum.x / 2 | float %}
	{% set center_y = printer.toolhead.axis_maximum.y / 2 | float %}
	{% set axis_minimum_x = printer.toolhead.axis_minimum.x | float %}
	{% set axis_minimum_y = printer.toolhead.axis_minimum.y | float %}
	{% set all_points = printer.exclude_object.objects | map(attribute='polygon') | sum(start=[]) %}
	{% set x_min = all_points | map(attribute=0) | min | default(center_x) %}
	{% set y_min = all_points | map(attribute=1) | min | default(center_y) %}
	{% set travel_speed = (printer.toolhead.max_velocity) * 60 | float %}
	
	{% if purge_margin > 0 and x_min != center_x and y_min != center_y %}
	{% set x_min = [ x_min - purge_margin , x_min ] | min %}
	{% set y_min = [ y_min - purge_margin , y_min ] | min %}
	{% set x_min = [ x_min , axis_minimum_x ] | max %}
	{% set y_min = [ y_min , axis_minimum_y ] | max %}
	{% endif %}
	
	
	{% if verbose_enable == True %}
	
	{ action_respond_info("Smart Park location: {},{}.".format(
	(x_min),
	(y_min),
	)) }
	
	{% endif %}
	
	{% if printer.toolhead.position.z < z_height %}
	G0 Z{z_height}
	{% endif %}
	G0 X{x_min} Y{y_min} F{travel_speed}
	G0 Z{z_height}

[gcode_macro _KAMP_Settings]
description = This macro contains all adjustable settings for KAMP
variable_verbose_enable = True
variable_mesh_margin = 0
variable_fuzz_amount = 0
variable_probe_dock_enable = False
variable_attach_macro = 'Attach_Probe'
variable_detach_macro = 'Dock_Probe'
variable_purge_height = 0.8
variable_tip_distance = 3
variable_purge_margin = 10
variable_purge_amount = 30
variable_flow_rate = 10
variable_smart_park_height = 10
gcode = 
	
	{action_respond_info(" Running the KAMP_Settings macro does nothing, it is only used for storing KAMP settings. ")}

[mcu]
serial = /dev/ttyAMA0

[mcu rpi]
serial = /tmp/klipper_host_mcu

[printer]
kinematics = cartesian
max_velocity = 300
max_accel = 3000
max_z_velocity = 50
max_z_accel = 150

[adxl345]
cs_pin = rpi:None
spi_bus = spidev0.0

[resonance_tester]
accel_chip = adxl345
probe_points = 
	115, 115, 40

[input_shaper]
shaper_freq_x = 70.4
shaper_type_x = mzv
shaper_freq_y = 36.2
shaper_type_y = mzv

[exclude_object]

[display]
lcd_type = ssd1306
i2c_mcu = rpi
i2c_bus = i2c.1
i2c_address = 60

[gcode_button button_pause]
pin = ^rpi:gpio27
press_gcode = PAUSE

[gcode_button button_play]
pin = ^rpi:gpio17
press_gcode = RESUME

[gcode_button button_cancel]
pin = ^rpi:gpio22
press_gcode = CANCEL_PRINT

[temperature_sensor raspberry_pi]
sensor_type = temperature_host
min_temp = 10
max_temp = 100

[filament_switch_sensor extruder_filament_sensor]
pause_on_runout = True
event_delay = 2.0
switch_pin = P1.24

[heater_bed]
heater_pin = P2.5
sensor_type = EPCOS 100K B57560G104F
sensor_pin = P0.23
min_temp = 10
max_temp = 130
control = pid
pid_kp = 66.889
pid_ki = 1.512
pid_kd = 739.954

[bltouch]
sensor_pin = ^P1.25
control_pin = P2.0
x_offset = -57
y_offset = -13
speed = 3.0
sample_retract_dist = 10
samples = 3
samples_tolerance_retries = 2
z_offset = 1.269

[safe_z_home]
home_xy_position = 112.5, 112.5
speed = 100
z_hop = 15
z_hop_speed = 5

[bed_mesh]
speed = 120
horizontal_move_z = 10
mesh_min = 20, 20
mesh_max = 184, 200
probe_count = 4, 4
algorithm = bicubic
fade_start = 1
fade_end = 10
fade_target = 0

[tmc2130 stepper_x]
cs_pin = P1.17
spi_software_sclk_pin = P0.4
spi_software_mosi_pin = P4.28
spi_software_miso_pin = P0.5
run_current = 0.8
stealthchop_threshold = 9999999

[stepper_x]
step_pin = P2.2
dir_pin = !P2.6
enable_pin = !P2.1
endstop_pin = P1.29
position_endstop = 0
position_min = 0
position_max = 241
homing_speed = 70
microsteps = 16
rotation_distance = 40

[tmc2130 stepper_y]
cs_pin = P1.15
spi_software_sclk_pin = P0.4
spi_software_mosi_pin = P4.28
spi_software_miso_pin = P0.5
run_current = 0.8
stealthchop_threshold = 999999

[stepper_y]
step_pin = P0.19
dir_pin = !P0.20
enable_pin = !P2.8
endstop_pin = P1.27
position_endstop = -18
position_min = -18
position_max = 219
homing_speed = 70
microsteps = 16
rotation_distance = 40

[tmc2130 stepper_z]
cs_pin = P1.10
spi_software_sclk_pin = P0.4
spi_software_mosi_pin = P4.28
spi_software_miso_pin = P0.5
run_current = 0.75
stealthchop_threshold = 999999

[stepper_z]
step_pin = P0.22
dir_pin = P2.11
enable_pin = !P0.21
endstop_pin = probe:z_virtual_endstop
position_min = -5
position_max = 250
microsteps = 16
rotation_distance = 8

[z_tilt]
z_positions = -10, 115
	250, 115
points = 
	60, 115
	240, 115

[tmc2130 stepper_z1]
cs_pin = P1.8
spi_software_sclk_pin = P0.4
spi_software_mosi_pin = P4.28
spi_software_miso_pin = P0.5
run_current = 0.75
stealthchop_threshold = 999999

[stepper_z1]
step_pin = P2.13
dir_pin = !P0.11
enable_pin = !P2.12
endstop_pin = probe:z_virtual_endstop
microsteps = 16
rotation_distance = 8

[extruder]
step_pin = P0.1
dir_pin = !P0.0
enable_pin = !P0.10
microsteps = 64
rotation_distance = 7.655
nozzle_diameter = 0.400
filament_diameter = 1.750
heater_pin = P2.7
sensor_type = EPCOS 100K B57560G104F
sensor_pin = P0.24
min_temp = 10
max_temp = 290
pressure_advance = 0
max_extrude_only_distance = 105
max_extrude_cross_section = 5
control = pid
pid_kp = 26.018
pid_ki = 1.334
pid_kd = 126.837

[fan]
pin = P2.3
off_below = 0.15
hardware_pwm = False
cycle_time = 0.0050
kick_start_time = 0.150

[heater_fan noozle_fan]
heater = extruder
heater_temp = 50
fan_speed = 1.0
pin = P2.4

[bed_mesh default-old]
version = 1
points = 
	-0.022079, 0.022088, 0.011254, 0.027088
	0.012921, 0.040421, -0.008746, -0.018746
	0.093754, 0.110421, 0.029588, 0.001254
	0.163754, 0.164588, 0.063754, 0.016254
min_x = 20.0
max_x = 183.97
min_y = 20.0
max_y = 200.0
x_count = 4
y_count = 4
mesh_x_pps = 2
mesh_y_pps = 2
algo = bicubic
tension = 0.2

[bed_mesh default-glass]
version = 1
points = 
	0.000833, 0.016667, 0.023333, 0.006667
	-0.005833, 0.020833, -0.001667, -0.035000
	0.048333, 0.052500, 0.000833, -0.075000
	0.061667, 0.064167, 0.026667, -0.053333
min_x = 20.0
max_x = 183.97
min_y = 20.0
max_y = 200.0
x_count = 4
y_count = 4
mesh_x_pps = 2
mesh_y_pps = 2
algo = bicubic
tension = 0.2

[bed_mesh default - NonGlass]
version = 1
points = 
	-0.036760, -0.065927, -0.185094, -0.310094
	0.074073, 0.348240, 0.306573, -0.021760
	0.164906, 0.391573, 0.324073, -0.094260
	0.124073, 0.049906, -0.080094, -0.450094
min_x = 20.0
max_x = 183.97
min_y = 20.0
max_y = 200.0
x_count = 4
y_count = 4
mesh_x_pps = 2
mesh_y_pps = 2
algo = bicubic
tension = 0.2

[bed_mesh default]
version = 1
points = 
	0.460833, 0.440000, 0.355833, 0.299167
	-0.111667, -0.115000, -0.217500, -0.269167
	-0.662500, -0.686667, -0.781667, -0.854167
x_count = 4
y_count = 3
mesh_x_pps = 2
mesh_y_pps = 2
algo = lagrange
tension = 0.2
min_x = 20.0
max_x = 183.97
min_y = 64.01
max_y = 160.97
=======================
Extruder max_extrude_ratio=2.078758
mcu 'mcu': Starting serial connect
mcu 'mcu': Timeout on connect
mcu 'mcu': Wait for identify_response
Traceback (most recent call last):
  File "/home/m/klipper/klippy/serialhdl.py", line 68, in _get_identify_data
    params = self.send_with_response(msg, 'identify_response')
  File "/home/m/klipper/klippy/serialhdl.py", line 261, in send_with_response
    return src.get_response([cmd], self.default_cmd_queue)
  File "/home/m/klipper/klippy/serialhdl.py", line 318, in get_response
    self.serial.raw_send_wait_ack(cmds[-1], minclock, reqclock,
  File "/home/m/klipper/klippy/serialhdl.py", line 253, in raw_send_wait_ack
    self._error("Serial connection closed")
  File "/home/m/klipper/klippy/serialhdl.py", line 61, in _error
    raise error(self.warn_prefix + (msg % params))
serialhdl.error: mcu 'mcu': Serial connection closed
webhooks client 1964295120: New connection
webhooks client 1964295120: Client info {'program': 'Moonraker', 'version': 'v0.8.0-204-gfb15b2a'}
mcu 'mcu': Timeout on connect
mcu 'mcu': Wait for identify_response
Traceback (most recent call last):
  File "/home/m/klipper/klippy/serialhdl.py", line 68, in _get_identify_data
    params = self.send_with_response(msg, 'identify_response')
  File "/home/m/klipper/klippy/serialhdl.py", line 261, in send_with_response
    return src.get_response([cmd], self.default_cmd_queue)
  File "/home/m/klipper/klippy/serialhdl.py", line 318, in get_response
    self.serial.raw_send_wait_ack(cmds[-1], minclock, reqclock,
  File "/home/m/klipper/klippy/serialhdl.py", line 253, in raw_send_wait_ack
    self._error("Serial connection closed")
  File "/home/m/klipper/klippy/serialhdl.py", line 61, in _error
    raise error(self.warn_prefix + (msg % params))
serialhdl.error: mcu 'mcu': Serial connection closed
mcu 'mcu': Timeout on connect
mcu 'mcu': Wait for identify_response
Traceback (most recent call last):
  File "/home/m/klipper/klippy/serialhdl.py", line 68, in _get_identify_data
    params = self.send_with_response(msg, 'identify_response')
  File "/home/m/klipper/klippy/serialhdl.py", line 261, in send_with_response
    return src.get_response([cmd], self.default_cmd_queue)
  File "/home/m/klipper/klippy/serialhdl.py", line 318, in get_response
    self.serial.raw_send_wait_ack(cmds[-1], minclock, reqclock,
  File "/home/m/klipper/klippy/serialhdl.py", line 253, in raw_send_wait_ack
    self._error("Serial connection closed")
  File "/home/m/klipper/klippy/serialhdl.py", line 61, in _error
    raise error(self.warn_prefix + (msg % params))
serialhdl.error: mcu 'mcu': Serial connection closed
mcu 'mcu': Timeout on connect
mcu 'mcu': Wait for identify_response
Traceback (most recent call last):
  File "/home/m/klipper/klippy/serialhdl.py", line 68, in _get_identify_data
    params = self.send_with_response(msg, 'identify_response')
  File "/home/m/klipper/klippy/serialhdl.py", line 261, in send_with_response
    return src.get_response([cmd], self.default_cmd_queue)
  File "/home/m/klipper/klippy/serialhdl.py", line 318, in get_response
    self.serial.raw_send_wait_ack(cmds[-1], minclock, reqclock,
  File "/home/m/klipper/klippy/serialhdl.py", line 253, in raw_send_wait_ack
    self._error("Serial connection closed")
  File "/home/m/klipper/klippy/serialhdl.py", line 61, in _error
    raise error(self.warn_prefix + (msg % params))
serialhdl.error: mcu 'mcu': Serial connection closed
mcu 'mcu': Timeout on connect
mcu 'mcu': Wait for identify_response
Traceback (most recent call last):
  File "/home/m/klipper/klippy/serialhdl.py", line 68, in _get_identify_data
    params = self.send_with_response(msg, 'identify_response')
  File "/home/m/klipper/klippy/serialhdl.py", line 261, in send_with_response
    return src.get_response([cmd], self.default_cmd_queue)
  File "/home/m/klipper/klippy/serialhdl.py", line 318, in get_response
    self.serial.raw_send_wait_ack(cmds[-1], minclock, reqclock,
  File "/home/m/klipper/klippy/serialhdl.py", line 253, in raw_send_wait_ack
    self._error("Serial connection closed")
  File "/home/m/klipper/klippy/serialhdl.py", line 61, in _error
    raise error(self.warn_prefix + (msg % params))
serialhdl.error: mcu 'mcu': Serial connection closed
mcu 'mcu': Timeout on connect
mcu 'mcu': Wait for identify_response
Traceback (most recent call last):
  File "/home/m/klipper/klippy/serialhdl.py", line 68, in _get_identify_data
    params = self.send_with_response(msg, 'identify_response')
  File "/home/m/klipper/klippy/serialhdl.py", line 261, in send_with_response
    return src.get_response([cmd], self.default_cmd_queue)
  File "/home/m/klipper/klippy/serialhdl.py", line 318, in get_response
    self.serial.raw_send_wait_ack(cmds[-1], minclock, reqclock,
  File "/home/m/klipper/klippy/serialhdl.py", line 253, in raw_send_wait_ack
    self._error("Serial connection closed")
  File "/home/m/klipper/klippy/serialhdl.py", line 61, in _error
    raise error(self.warn_prefix + (msg % params))
serialhdl.error: mcu 'mcu': Serial connection closed
mcu 'mcu': Timeout on connect
mcu 'mcu': Wait for identify_response
Traceback (most recent call last):
  File "/home/m/klipper/klippy/serialhdl.py", line 68, in _get_identify_data
    params = self.send_with_response(msg, 'identify_response')
  File "/home/m/klipper/klippy/serialhdl.py", line 261, in send_with_response
    return src.get_response([cmd], self.default_cmd_queue)
  File "/home/m/klipper/klippy/serialhdl.py", line 318, in get_response
    self.serial.raw_send_wait_ack(cmds[-1], minclock, reqclock,
  File "/home/m/klipper/klippy/serialhdl.py", line 253, in raw_send_wait_ack
    self._error("Serial connection closed")
  File "/home/m/klipper/klippy/serialhdl.py", line 61, in _error
    raise error(self.warn_prefix + (msg % params))
serialhdl.error: mcu 'mcu': Serial connection closed
mcu 'mcu': Timeout on connect
mcu 'mcu': Wait for identify_response
Traceback (most recent call last):
  File "/home/m/klipper/klippy/serialhdl.py", line 68, in _get_identify_data
    params = self.send_with_response(msg, 'identify_response')
  File "/home/m/klipper/klippy/serialhdl.py", line 261, in send_with_response
    return src.get_response([cmd], self.default_cmd_queue)
  File "/home/m/klipper/klippy/serialhdl.py", line 318, in get_response
    self.serial.raw_send_wait_ack(cmds[-1], minclock, reqclock,
  File "/home/m/klipper/klippy/serialhdl.py", line 253, in raw_send_wait_ack
    self._error("Serial connection closed")
  File "/home/m/klipper/klippy/serialhdl.py", line 61, in _error
    raise error(self.warn_prefix + (msg % params))
serialhdl.error: mcu 'mcu': Serial connection closed
mcu 'mcu': Timeout on connect
mcu 'mcu': Wait for identify_response
Traceback (most recent call last):
  File "/home/m/klipper/klippy/serialhdl.py", line 68, in _get_identify_data
    params = self.send_with_response(msg, 'identify_response')
  File "/home/m/klipper/klippy/serialhdl.py", line 261, in send_with_response
    return src.get_response([cmd], self.default_cmd_queue)
  File "/home/m/klipper/klippy/serialhdl.py", line 318, in get_response
    self.serial.raw_send_wait_ack(cmds[-1], minclock, reqclock,
  File "/home/m/klipper/klippy/serialhdl.py", line 253, in raw_send_wait_ack
    self._error("Serial connection closed")
  File "/home/m/klipper/klippy/serialhdl.py", line 61, in _error
    raise error(self.warn_prefix + (msg % params))
serialhdl.error: mcu 'mcu': Serial connection closed
mcu 'mcu': Timeout on connect
mcu 'mcu': Wait for identify_response
Traceback (most recent call last):
  File "/home/m/klipper/klippy/serialhdl.py", line 68, in _get_identify_data
    params = self.send_with_response(msg, 'identify_response')
  File "/home/m/klipper/klippy/serialhdl.py", line 261, in send_with_response
    return src.get_response([cmd], self.default_cmd_queue)
  File "/home/m/klipper/klippy/serialhdl.py", line 318, in get_response
    self.serial.raw_send_wait_ack(cmds[-1], minclock, reqclock,
  File "/home/m/klipper/klippy/serialhdl.py", line 253, in raw_send_wait_ack
    self._error("Serial connection closed")
  File "/home/m/klipper/klippy/serialhdl.py", line 61, in _error
    raise error(self.warn_prefix + (msg % params))
serialhdl.error: mcu 'mcu': Serial connection closed
mcu 'mcu': Timeout on connect
mcu 'mcu': Wait for identify_response
Traceback (most recent call last):
  File "/home/m/klipper/klippy/serialhdl.py", line 68, in _get_identify_data
    params = self.send_with_response(msg, 'identify_response')
  File "/home/m/klipper/klippy/serialhdl.py", line 261, in send_with_response
    return src.get_response([cmd], self.default_cmd_queue)
  File "/home/m/klipper/klippy/serialhdl.py", line 318, in get_response
    self.serial.raw_send_wait_ack(cmds[-1], minclock, reqclock,
  File "/home/m/klipper/klippy/serialhdl.py", line 253, in raw_send_wait_ack
    self._error("Serial connection closed")
  File "/home/m/klipper/klippy/serialhdl.py", line 61, in _error
    raise error(self.warn_prefix + (msg % params))
serialhdl.error: mcu 'mcu': Serial connection closed
mcu 'mcu': Timeout on connect
mcu 'mcu': Wait for identify_response
Traceback (most recent call last):
  File "/home/m/klipper/klippy/serialhdl.py", line 68, in _get_identify_data
    params = self.send_with_response(msg, 'identify_response')
  File "/home/m/klipper/klippy/serialhdl.py", line 261, in send_with_response
    return src.get_response([cmd], self.default_cmd_queue)
  File "/home/m/klipper/klippy/serialhdl.py", line 318, in get_response
    self.serial.raw_send_wait_ack(cmds[-1], minclock, reqclock,
  File "/home/m/klipper/klippy/serialhdl.py", line 253, in raw_send_wait_ack
    self._error("Serial connection closed")
  File "/home/m/klipper/klippy/serialhdl.py", line 61, in _error
    raise error(self.warn_prefix + (msg % params))
serialhdl.error: mcu 'mcu': Serial connection closed
mcu 'mcu': Timeout on connect
mcu 'mcu': Wait for identify_response
Traceback (most recent call last):
  File "/home/m/klipper/klippy/serialhdl.py", line 68, in _get_identify_data
    params = self.send_with_response(msg, 'identify_response')
  File "/home/m/klipper/klippy/serialhdl.py", line 261, in send_with_response
    return src.get_response([cmd], self.default_cmd_queue)
  File "/home/m/klipper/klippy/serialhdl.py", line 318, in get_response
    self.serial.raw_send_wait_ack(cmds[-1], minclock, reqclock,
  File "/home/m/klipper/klippy/serialhdl.py", line 253, in raw_send_wait_ack
    self._error("Serial connection closed")
  File "/home/m/klipper/klippy/serialhdl.py", line 61, in _error
    raise error(self.warn_prefix + (msg % params))
serialhdl.error: mcu 'mcu': Serial connection closed
mcu 'mcu': Timeout on connect
mcu 'mcu': Wait for identify_response
Traceback (most recent call last):
  File "/home/m/klipper/klippy/serialhdl.py", line 68, in _get_identify_data
    params = self.send_with_response(msg, 'identify_response')
  File "/home/m/klipper/klippy/serialhdl.py", line 261, in send_with_response
    return src.get_response([cmd], self.default_cmd_queue)
  File "/home/m/klipper/klippy/serialhdl.py", line 318, in get_response
    self.serial.raw_send_wait_ack(cmds[-1], minclock, reqclock,
  File "/home/m/klipper/klippy/serialhdl.py", line 253, in raw_send_wait_ack
    self._error("Serial connection closed")
  File "/home/m/klipper/klippy/serialhdl.py", line 61, in _error
    raise error(self.warn_prefix + (msg % params))
serialhdl.error: mcu 'mcu': Serial connection closed
mcu 'mcu': Timeout on connect
mcu 'mcu': Wait for identify_response
Traceback (most recent call last):
  File "/home/m/klipper/klippy/serialhdl.py", line 68, in _get_identify_data
    params = self.send_with_response(msg, 'identify_response')
  File "/home/m/klipper/klippy/serialhdl.py", line 261, in send_with_response
    return src.get_response([cmd], self.default_cmd_queue)
  File "/home/m/klipper/klippy/serialhdl.py", line 318, in get_response
    self.serial.raw_send_wait_ack(cmds[-1], minclock, reqclock,
  File "/home/m/klipper/klippy/serialhdl.py", line 253, in raw_send_wait_ack
    self._error("Serial connection closed")
  File "/home/m/klipper/klippy/serialhdl.py", line 61, in _error
    raise error(self.warn_prefix + (msg % params))
serialhdl.error: mcu 'mcu': Serial connection closed
Loaded MCU 'mcu' 112 commands (v0.11.0-295-g83ef0e13 / gcc: (15:12.2.rel1-1) 12.2.1 20221205 binutils: (2.40-2+18+b1) 2.40)
MCU 'mcu' config: ADC_MAX=4095 BUS_PINS_i2c0=P0.28,P0.27 BUS_PINS_i2c1=P0.1,P0.0 BUS_PINS_i2c1a=P0.20,P0.19 BUS_PINS_i2c2=P0.11,P0.10 BUS_PINS_ssp0=P0.17,P0.18,P0.15 BUS_PINS_ssp1=P0.8,P0.9,P0.7 CLOCK_FREQ=100000000 MCU=lpc1768 PWM_MAX=255 RECEIVE_WINDOW=192 RESERVE_PINS_serial=P0.3,P0.2 SERIAL_BAUD=250000 STATS_SUMSQ_BASE=256 STEPPER_BOTH_EDGE=1
mcu 'rpi': Starting connect
Loaded MCU 'rpi' 118 commands (v0.11.0-295-g83ef0e13 / gcc: (Raspbian 10.2.1-6+rpi1) 10.2.1 20210110 binutils: (GNU Binutils for Raspbian) 2.35.2)
MCU 'rpi' config: ADC_MAX=4095 CLOCK_FREQ=50000000 MCU=linux PCA9685_MAX=4096 PWM_MAX=32768 STATS_SUMSQ_BASE=256
Sending MCU 'mcu' printer configuration...
Configured MCU 'mcu' (1024 moves)
mcu 'rpi': got {'oid': 1, 'clock': 1983604899, 'query_ticks': 1380, 'next_sequence': 0, 'buffered': 0, 'fifo': 0, 'limit_count': 0, '#name': 'adxl345_status', '#sent_time': 285840.230153357, '#receive_time': 285840.230361586}
Configured MCU 'rpi' (1024 moves)
Starting heater checks for heater_bed
bed_mesh: generated points
Index |  Tool Adjusted  |   Probe
  0   | (77.0, 33.0)    | (20.0, 20.0)
  1   | (131.7, 33.0)   | (74.7, 20.0)
  2   | (186.3, 33.0)   | (129.3, 20.0)
  3   | (241.0, 33.0)   | (184.0, 20.0)
  4   | (241.0, 93.0)   | (184.0, 80.0)
  5   | (186.3, 93.0)   | (129.3, 80.0)
  6   | (131.7, 93.0)   | (74.7, 80.0)
  7   | (77.0, 93.0)    | (20.0, 80.0)
  8   | (77.0, 153.0)   | (20.0, 140.0)
  9   | (131.7, 153.0)  | (74.7, 140.0)
  10  | (186.3, 153.0)  | (129.3, 140.0)
  11  | (241.0, 153.0)  | (184.0, 140.0)
  12  | (241.0, 213.0)  | (184.0, 200.0)
  13  | (186.3, 213.0)  | (129.3, 200.0)
  14  | (131.7, 213.0)  | (74.7, 200.0)
  15  | (77.0, 213.0)   | (20.0, 200.0)

Printer is not ready
The klippy host software is attempting to connect.  Please
retry in a few moments.

Script running error
Traceback (most recent call last):
  File "/home/m/klipper/klippy/extras/gcode_button.py", line 41, in button_callback
    self.gcode.run_script(template.render())
  File "/home/m/klipper/klippy/gcode.py", line 216, in run_script
    self._process_commands(script.split('\n'), need_ack=False)
  File "/home/m/klipper/klippy/gcode.py", line 198, in _process_commands
    handler(gcmd)
  File "/home/m/klipper/klippy/gcode.py", line 272, in cmd_default
    raise gcmd.error(self.printer.get_state_message()[0])
gcode.CommandError: 
Printer is not ready
The klippy host software is attempting to connect.  Please
retry in a few moments.


Printer is not ready
The klippy host software is attempting to connect.  Please
retry in a few moments.

Script running error
Traceback (most recent call last):
  File "/home/m/klipper/klippy/extras/gcode_button.py", line 41, in button_callback
    self.gcode.run_script(template.render())
  File "/home/m/klipper/klippy/gcode.py", line 216, in run_script
    self._process_commands(script.split('\n'), need_ack=False)
  File "/home/m/klipper/klippy/gcode.py", line 198, in _process_commands
    handler(gcmd)
  File "/home/m/klipper/klippy/gcode.py", line 272, in cmd_default
    raise gcmd.error(self.printer.get_state_message()[0])
gcode.CommandError: 
Printer is not ready
The klippy host software is attempting to connect.  Please
retry in a few moments.


Printer is not ready
The klippy host software is attempting to connect.  Please
retry in a few moments.

Script running error
Traceback (most recent call last):
  File "/home/m/klipper/klippy/extras/gcode_button.py", line 41, in button_callback
    self.gcode.run_script(template.render())
  File "/home/m/klipper/klippy/gcode.py", line 216, in run_script
    self._process_commands(script.split('\n'), need_ack=False)
  File "/home/m/klipper/klippy/gcode.py", line 198, in _process_commands
    handler(gcmd)
  File "/home/m/klipper/klippy/gcode.py", line 272, in cmd_default
    raise gcmd.error(self.printer.get_state_message()[0])
gcode.CommandError: 
Printer is not ready
The klippy host software is attempting to connect.  Please
retry in a few moments.

Stepper stepper_z phase change (was 0 now 63)
Stepper stepper_z1 phase change (was 0 now 1)
Starting heater checks for extruder
Stats 285841.5: gcodein=0  mcu: mcu_awake=0.000 mcu_task_avg=0.000000 mcu_task_stddev=0.000000 bytes_write=3154 bytes_read=5862 bytes_retransmit=63 bytes_invalid=7 send_seq=268 receive_seq=268 retransmit_seq=2 srtt=0.000 rttvar=0.000 rto=0.025 ready_bytes=0 upcoming_bytes=0 freq=100002657 rpi: mcu_awake=0.000 mcu_task_avg=0.000000 mcu_task_stddev=0.000000 bytes_write=2616 bytes_read=25246 bytes_retransmit=0 bytes_invalid=53 send_seq=133 receive_seq=121 retransmit_seq=0 srtt=0.002 rttvar=0.004 rto=0.025 ready_bytes=1063 upcoming_bytes=65 freq=50001582 adj=49994710  raspberry_pi: temp=51.5 heater_bed: target=0 temp=0.0 pwm=0.000 sysload=0.56 cputime=5.451 memavail=706152 print_time=0.012 buffer_time=0.000 print_stall=0 extruder: target=0 temp=0.0 pwm=0.000
webhooks: registering remote method 'shutdown_machine' for connection id: 1964295120
webhooks: registering remote method 'reboot_machine' for connection id: 1964295120
webhooks: registering remote method 'pause_job_queue' for connection id: 1964295120
webhooks: registering remote method 'start_job_queue' for connection id: 1964295120
webhooks: registering remote method 'set_device_power' for connection id: 1964295120
Stats 285842.5: gcodein=0  mcu: mcu_awake=0.000 mcu_task_avg=0.000000 mcu_task_stddev=0.000000 bytes_write=3168 bytes_read=5998 bytes_retransmit=63 bytes_invalid=7 send_seq=270 receive_seq=270 retransmit_seq=2 srtt=0.000 rttvar=0.000 rto=0.025 ready_bytes=0 upcoming_bytes=0 freq=100002008 rpi: mcu_awake=0.000 mcu_task_avg=0.000000 mcu_task_stddev=0.000000 bytes_write=3971 bytes_read=25447 bytes_retransmit=0 bytes_invalid=53 send_seq=159 receive_seq=159 retransmit_seq=0 srtt=0.003 rttvar=0.005 rto=0.025 ready_bytes=0 upcoming_bytes=0 freq=50000454 adj=50001809  raspberry_pi: temp=52.1 heater_bed: target=0 temp=24.9 pwm=0.000 sysload=0.51 cputime=5.556 memavail=705256 print_time=0.012 buffer_time=0.000 print_stall=0 extruder: target=0 temp=25.0 pwm=0.000
Stats 285843.5: gcodein=0  mcu: mcu_awake=0.008 mcu_task_avg=0.000026 mcu_task_stddev=0.000022 bytes_write=3174 bytes_read=6134 bytes_retransmit=63 bytes_invalid=7 send_seq=271 receive_seq=271 retransmit_seq=2 srtt=0.000 rttvar=0.000 rto=0.025 ready_bytes=0 upcoming_bytes=0 freq=100002435 rpi: mcu_awake=0.062 mcu_task_avg=0.000298 mcu_task_stddev=0.000476 bytes_write=3977 bytes_read=25480 bytes_retransmit=0 bytes_invalid=53 send_seq=160 receive_seq=160 retransmit_seq=0 srtt=0.003 rttvar=0.004 rto=0.025 ready_bytes=0 upcoming_bytes=0 freq=50000072 adj=49999851  raspberry_pi: temp=51.5 heater_bed: target=0 temp=24.9 pwm=0.000 sysload=0.51 cputime=5.642 memavail=705256 print_time=0.012 buffer_time=0.000 print_stall=0 extruder: target=0 temp=25.0 pwm=0.000
Stats 285844.5: gcodein=0  mcu: mcu_awake=0.008 mcu_task_avg=0.000026 mcu_task_stddev=0.000022 bytes_write=3180 bytes_read=6240 bytes_retransmit=63 bytes_invalid=7 send_seq=272 receive_seq=272 retransmit_seq=2 srtt=0.001 rttvar=0.000 rto=0.025 ready_bytes=0 upcoming_bytes=0 freq=100002509 rpi: mcu_awake=0.062 mcu_task_avg=0.000298 mcu_task_stddev=0.000476 bytes_write=3983 bytes_read=25496 bytes_retransmit=0 bytes_invalid=53 send_seq=161 receive_seq=161 retransmit_seq=0 srtt=0.003 rttvar=0.004 rto=0.025 ready_bytes=0 upcoming_bytes=0 freq=49999799 adj=49998589  raspberry_pi: temp=52.1 heater_bed: target=0 temp=24.8 pwm=0.000 sysload=0.51 cputime=5.680 memavail=704588 print_time=0.012 buffer_time=0.000 print_stall=0 extruder: target=0 temp=25.0 pwm=0.000
Stats 285845.5: gcodein=0  mcu: mcu_awake=0.008 mcu_task_avg=0.000026 mcu_task_stddev=0.000022 bytes_write=3192 bytes_read=6377 bytes_retransmit=63 bytes_invalid=7 send_seq=274 receive_seq=274 retransmit_seq=2 srtt=0.001 rttvar=0.000 rto=0.025 ready_bytes=0 upcoming_bytes=0 freq=100002590 rpi: mcu_awake=0.062 mcu_task_avg=0.000298 mcu_task_stddev=0.000476 bytes_write=3989 bytes_read=25512 bytes_retransmit=0 bytes_invalid=53 send_seq=162 receive_seq=162 retransmit_seq=0 srtt=0.002 rttvar=0.004 rto=0.025 ready_bytes=0 upcoming_bytes=0 freq=49999853 adj=49997988  raspberry_pi: temp=51.5 heater_bed: target=0 temp=24.9 pwm=0.000 sysload=0.51 cputime=5.722 memavail=708632 print_time=0.012 buffer_time=0.000 print_stall=0 extruder: target=0 temp=25.0 pwm=0.000
Stats 285846.5: gcodein=0  mcu: mcu_awake=0.008 mcu_task_avg=0.000026 mcu_task_stddev=0.000022 bytes_write=3198 bytes_read=6498 bytes_retransmit=63 bytes_invalid=7 send_seq=275 receive_seq=275 retransmit_seq=2 srtt=0.001 rttvar=0.000 rto=0.025 ready_bytes=0 upcoming_bytes=0 freq=100002575 rpi: mcu_awake=0.062 mcu_task_avg=0.000298 mcu_task_stddev=0.000476 bytes_write=3995 bytes_read=25528 bytes_retransmit=0 bytes_invalid=53 send_seq=163 receive_seq=163 retransmit_seq=0 srtt=0.002 rttvar=0.003 rto=0.025 ready_bytes=0 upcoming_bytes=0 freq=49999864 adj=49998150  raspberry_pi: temp=51.5 heater_bed: target=0 temp=24.9 pwm=0.000 sysload=0.51 cputime=5.767 memavail=708408 print_time=0.012 buffer_time=0.000 print_stall=0 extruder: target=0 temp=25.0 pwm=0.000
Stats 285847.5: gcodein=0  mcu: mcu_awake=0.008 mcu_task_avg=0.000026 mcu_task_stddev=0.000022 bytes_write=3204 bytes_read=6604 bytes_retransmit=63 bytes_invalid=7 send_seq=276 receive_seq=276 retransmit_seq=2 srtt=0.001 rttvar=0.000 rto=0.025 ready_bytes=0 upcoming_bytes=0 freq=100002602 rpi: mcu_awake=0.062 mcu_task_avg=0.000298 mcu_task_stddev=0.000476 bytes_write=4001 bytes_read=25544 bytes_retransmit=0 bytes_invalid=53 send_seq=164 receive_seq=164 retransmit_seq=0 srtt=0.002 rttvar=0.003 rto=0.025 ready_bytes=0 upcoming_bytes=0 freq=49999985 adj=49998304  raspberry_pi: temp=51.0 heater_bed: target=0 temp=24.9 pwm=0.000 sysload=0.47 cputime=5.808 memavail=707512 print_time=0.012 buffer_time=0.000 print_stall=0 extruder: target=0 temp=25.0 pwm=0.000
Stats 285848.5: gcodein=0  mcu: mcu_awake=0.001 mcu_task_avg=0.000008 mcu_task_stddev=0.000006 bytes_write=3210 bytes_read=6738 bytes_retransmit=63 bytes_invalid=7 send_seq=277 receive_seq=277 retransmit_seq=2 srtt=0.001 rttvar=0.000 rto=0.025 ready_bytes=0 upcoming_bytes=0 freq=100002614 rpi: mcu_awake=0.062 mcu_task_avg=0.000298 mcu_task_stddev=0.000476 bytes_write=4007 bytes_read=25560 bytes_retransmit=0 bytes_invalid=53 send_seq=165 receive_seq=165 retransmit_seq=0 srtt=0.002 rttvar=0.003 rto=0.025 ready_bytes=0 upcoming_bytes=0 freq=49999890 adj=49998675  raspberry_pi: temp=51.5 heater_bed: target=0 temp=24.9 pwm=0.000 sysload=0.47 cputime=5.857 memavail=706372 print_time=0.012 buffer_time=0.000 print_stall=0 extruder: target=0 temp=25.0 pwm=0.000
Stats 285849.5: gcodein=0  mcu: mcu_awake=0.001 mcu_task_avg=0.000008 mcu_task_stddev=0.000006 bytes_write=3216 bytes_read=6859 bytes_retransmit=63 bytes_invalid=7 send_seq=278 receive_seq=278 retransmit_seq=2 srtt=0.001 rttvar=0.000 rto=0.025 ready_bytes=0 upcoming_bytes=0 freq=100002620 rpi: mcu_awake=0.001 mcu_task_avg=0.000009 mcu_task_stddev=0.000009 bytes_write=4013 bytes_read=25589 bytes_retransmit=0 bytes_invalid=53 send_seq=166 receive_seq=166 retransmit_seq=0 srtt=0.001 rttvar=0.002 rto=0.025 ready_bytes=0 upcoming_bytes=0 freq=49999826 adj=49998369  raspberry_pi: temp=51.5 heater_bed: target=0 temp=24.9 pwm=0.000 sysload=0.47 cputime=5.899 memavail=705700 print_time=0.012 buffer_time=0.000 print_stall=0 extruder: target=0 temp=25.0 pwm=0.000
Stats 285850.5: gcodein=0  mcu: mcu_awake=0.001 mcu_task_avg=0.000008 mcu_task_stddev=0.000006 bytes_write=3222 bytes_read=6965 bytes_retransmit=63 bytes_invalid=7 send_seq=279 receive_seq=279 retransmit_seq=2 srtt=0.001 rttvar=0.000 rto=0.025 ready_bytes=0 upcoming_bytes=0 freq=100002636 rpi: mcu_awake=0.001 mcu_task_avg=0.000009 mcu_task_stddev=0.000009 bytes_write=4019 bytes_read=25605 bytes_retransmit=0 bytes_invalid=53 send_seq=167 receive_seq=167 retransmit_seq=0 srtt=0.001 rttvar=0.002 rto=0.025 ready_bytes=0 upcoming_bytes=0 freq=49999807 adj=49998199  raspberry_pi: temp=51.5 heater_bed: target=0 temp=24.8 pwm=0.000 sysload=0.47 cputime=5.940 memavail=705700 print_time=0.012 buffer_time=0.000 print_stall=0 extruder: target=0 temp=25.0 pwm=0.000
Stats 285851.5: gcodein=0  mcu: mcu_awake=0.001 mcu_task_avg=0.000008 mcu_task_stddev=0.000006 bytes_write=3228 bytes_read=7086 bytes_retransmit=63 bytes_invalid=7 send_seq=280 receive_seq=280 retransmit_seq=2 srtt=0.001 rttvar=0.000 rto=0.025 ready_bytes=0 upcoming_bytes=0 freq=100002640 rpi: mcu_awake=0.001 mcu_task_avg=0.000009 mcu_task_stddev=0.000009 bytes_write=4025 bytes_read=25621 bytes_retransmit=0 bytes_invalid=53 send_seq=168 receive_seq=168 retransmit_seq=0 srtt=0.001 rttvar=0.002 rto=0.025 ready_bytes=0 upcoming_bytes=0 freq=49999788 adj=49998183  raspberry_pi: temp=51.5 heater_bed: target=0 temp=24.8 pwm=0.000 sysload=0.47 cputime=5.983 memavail=705700 print_time=0.012 buffer_time=0.000 print_stall=0 extruder: target=0 temp=25.0 pwm=0.000
Stats 285852.5: gcodein=0  mcu: mcu_awake=0.001 mcu_task_avg=0.000008 mcu_task_stddev=0.000006 bytes_write=3234 bytes_read=7207 bytes_retransmit=63 bytes_invalid=7 send_seq=281 receive_seq=281 retransmit_seq=2 srtt=0.001 rttvar=0.000 rto=0.025 ready_bytes=0 upcoming_bytes=0 freq=100002635 rpi: mcu_awake=0.001 mcu_task_avg=0.000009 mcu_task_stddev=0.000009 bytes_write=4031 bytes_read=25637 bytes_retransmit=0 bytes_invalid=53 send_seq=169 receive_seq=169 retransmit_seq=0 srtt=0.001 rttvar=0.002 rto=0.025 ready_bytes=0 upcoming_bytes=0 freq=49999776 adj=49998182  raspberry_pi: temp=51.5 heater_bed: target=0 temp=24.9 pwm=0.000 sysload=0.52 cputime=6.026 memavail=705028 print_time=0.012 buffer_time=0.000 print_stall=0 extruder: target=0 temp=25.0 pwm=0.000
Stats 285853.5: gcodein=0  mcu: mcu_awake=0.001 mcu_task_avg=0.000008 mcu_task_stddev=0.000006 bytes_write=3240 bytes_read=7313 bytes_retransmit=63 bytes_invalid=7 send_seq=282 receive_seq=282 retransmit_seq=2 srtt=0.001 rttvar=0.000 rto=0.025 ready_bytes=0 upcoming_bytes=0 freq=100002647 rpi: mcu_awake=0.001 mcu_task_avg=0.000009 mcu_task_stddev=0.000009 bytes_write=4037 bytes_read=25653 bytes_retransmit=0 bytes_invalid=53 send_seq=170 receive_seq=170 retransmit_seq=0 srtt=0.001 rttvar=0.001 rto=0.025 ready_bytes=0 upcoming_bytes=0 freq=49999768 adj=49998216  raspberry_pi: temp=51.0 heater_bed: target=0 temp=24.8 pwm=0.000 sysload=0.52 cputime=6.068 memavail=709448 print_time=0.012 buffer_time=0.000 print_stall=0 extruder: target=0 temp=25.0 pwm=0.000
Stats 285854.5: gcodein=0  mcu: mcu_awake=0.001 mcu_task_avg=0.000008 mcu_task_stddev=0.000006 bytes_write=3246 bytes_read=7447 bytes_retransmit=63 bytes_invalid=7 send_seq=283 receive_seq=283 retransmit_seq=2 srtt=0.001 rttvar=0.000 rto=0.025 ready_bytes=0 upcoming_bytes=0 freq=100002651 rpi: mcu_awake=0.001 mcu_task_avg=0.000010 mcu_task_stddev=0.000011 bytes_write=4043 bytes_read=25682 bytes_retransmit=0 bytes_invalid=53 send_seq=171 receive_seq=171 retransmit_seq=0 srtt=0.001 rttvar=0.001 rto=0.025 ready_bytes=0 upcoming_bytes=0 freq=49999777 adj=49998216  raspberry_pi: temp=51.0 heater_bed: target=0 temp=24.9 pwm=0.000 sysload=0.52 cputime=6.110 memavail=708328 print_time=0.012 buffer_time=0.000 print_stall=0 extruder: target=0 temp=25.0 pwm=0.000
Stats 285855.5: gcodein=0  mcu: mcu_awake=0.001 mcu_task_avg=0.000008 mcu_task_stddev=0.000006 bytes_write=3252 bytes_read=7568 bytes_retransmit=63 bytes_invalid=7 send_seq=284 receive_seq=284 retransmit_seq=2 srtt=0.001 rttvar=0.000 rto=0.025 ready_bytes=0 upcoming_bytes=0 freq=100002649 rpi: mcu_awake=0.001 mcu_task_avg=0.000010 mcu_task_stddev=0.000011 bytes_write=4049 bytes_read=25698 bytes_retransmit=0 bytes_invalid=53 send_seq=172 receive_seq=172 retransmit_seq=0 srtt=0.001 rttvar=0.001 rto=0.025 ready_bytes=0 upcoming_bytes=0 freq=49999761 adj=49998305  raspberry_pi: temp=50.5 heater_bed: target=0 temp=24.9 pwm=0.000 sysload=0.52 cputime=6.152 memavail=708328 print_time=0.012 buffer_time=0.000 print_stall=0 extruder: target=0 temp=24.9 pwm=0.000
Stats 285856.5: gcodein=0  mcu: mcu_awake=0.001 mcu_task_avg=0.000008 mcu_task_stddev=0.000006 bytes_write=3258 bytes_read=7674 bytes_retransmit=63 bytes_invalid=7 send_seq=285 receive_seq=285 retransmit_seq=2 srtt=0.001 rttvar=0.000 rto=0.025 ready_bytes=0 upcoming_bytes=0 freq=100002646 rpi: mcu_awake=0.001 mcu_task_avg=0.000010 mcu_task_stddev=0.000011 bytes_write=4055 bytes_read=25714 bytes_retransmit=0 bytes_invalid=53 send_seq=173 receive_seq=173 retransmit_seq=0 srtt=0.001 rttvar=0.001 rto=0.025 ready_bytes=0 upcoming_bytes=0 freq=49999735 adj=49998271  raspberry_pi: temp=51.0 heater_bed: target=0 temp=24.9 pwm=0.000 sysload=0.52 cputime=6.193 memavail=707628 print_time=0.012 buffer_time=0.000 print_stall=0 extruder: target=0 temp=25.0 pwm=0.000
Stats 285857.5: gcodein=0  mcu: mcu_awake=0.001 mcu_task_avg=0.000008 mcu_task_stddev=0.000006 bytes_write=3264 bytes_read=7795 bytes_retransmit=63 bytes_invalid=7 send_seq=286 receive_seq=286 retransmit_seq=2 srtt=0.001 rttvar=0.000 rto=0.025 ready_bytes=0 upcoming_bytes=0 freq=100002650 rpi: mcu_awake=0.001 mcu_task_avg=0.000010 mcu_task_stddev=0.000011 bytes_write=4061 bytes_read=25730 bytes_retransmit=0 bytes_invalid=53 send_seq=174 receive_seq=174 retransmit_seq=0 srtt=0.001 rttvar=0.001 rto=0.025 ready_bytes=0 upcoming_bytes=0 freq=49999730 adj=49998196  raspberry_pi: temp=51.0 heater_bed: target=0 temp=24.8 pwm=0.000 sysload=0.47 cputime=6.234 memavail=707180 print_time=0.012 buffer_time=0.000 print_stall=0 extruder: target=0 temp=25.0 pwm=0.000
Stats 285858.5: gcodein=0  mcu: mcu_awake=0.001 mcu_task_avg=0.000008 mcu_task_stddev=0.000006 bytes_write=3270 bytes_read=7916 bytes_retransmit=63 bytes_invalid=7 send_seq=287 receive_seq=287 retransmit_seq=2 srtt=0.001 rttvar=0.000 rto=0.025 ready_bytes=0 upcoming_bytes=0 freq=100002658 rpi: mcu_awake=0.001 mcu_task_avg=0.000010 mcu_task_stddev=0.000011 bytes_write=4067 bytes_read=25746 bytes_retransmit=0 bytes_invalid=53 send_seq=175 receive_seq=175 retransmit_seq=0 srtt=0.001 rttvar=0.001 rto=0.025 ready_bytes=0 upcoming_bytes=0 freq=49999727 adj=49998214  raspberry_pi: temp=51.0 heater_bed: target=0 temp=24.9 pwm=0.000 sysload=0.47 cputime=6.284 memavail=705792 print_time=0.012 buffer_time=0.000 print_stall=0 extruder: target=0 temp=25.0 pwm=0.000
Stats 285859.5: gcodein=0  mcu: mcu_awake=0.001 mcu_task_avg=0.000008 mcu_task_stddev=0.000006 bytes_write=3276 bytes_read=8035 bytes_retransmit=63 bytes_invalid=7 send_seq=288 receive_seq=288 retransmit_seq=2 srtt=0.001 rttvar=0.000 rto=0.025 ready_bytes=0 upcoming_bytes=0 freq=100002660 rpi: mcu_awake=0.001 mcu_task_avg=0.000011 mcu_task_stddev=0.000011 bytes_write=4073 bytes_read=25775 bytes_retransmit=0 bytes_invalid=53 send_seq=176 receive_seq=176 retransmit_seq=0 srtt=0.000 rttvar=0.001 rto=0.025 ready_bytes=0 upcoming_bytes=0 freq=49999721 adj=49998227  raspberry_pi: temp=50.5 heater_bed: target=0 temp=24.8 pwm=0.000 sysload=0.47 cputime=6.315 memavail=705344 print_time=0.012 buffer_time=0.000 print_stall=0 extruder: target=0 temp=25.0 pwm=0.000
Stats 285860.5: gcodein=0  mcu: mcu_awake=0.001 mcu_task_avg=0.000008 mcu_task_stddev=0.000006 bytes_write=3282 bytes_read=8156 bytes_retransmit=63 bytes_invalid=7 send_seq=289 receive_seq=289 retransmit_seq=2 srtt=0.001 rttvar=0.000 rto=0.025 ready_bytes=0 upcoming_bytes=0 freq=100002663 rpi: mcu_awake=0.001 mcu_task_avg=0.000011 mcu_task_stddev=0.000011 bytes_write=4079 bytes_read=25791 bytes_retransmit=0 bytes_invalid=53 send_seq=177 receive_seq=177 retransmit_seq=0 srtt=0.000 rttvar=0.001 rto=0.025 ready_bytes=0 upcoming_bytes=0 freq=49999710 adj=49998230  raspberry_pi: temp=50.5 heater_bed: target=0 temp=24.9 pwm=0.000 sysload=0.47 cputime=6.356 memavail=705120 print_time=0.012 buffer_time=0.000 print_stall=0 extruder: target=0 temp=25.0 pwm=0.000
Stats 285861.5: gcodein=0  mcu: mcu_awake=0.001 mcu_task_avg=0.000008 mcu_task_stddev=0.000006 bytes_write=3288 bytes_read=8277 bytes_retransmit=63 bytes_invalid=7 send_seq=290 receive_seq=290 retransmit_seq=2 srtt=0.001 rttvar=0.000 rto=0.025 ready_bytes=0 upcoming_bytes=0 freq=100002662 rpi: mcu_awake=0.001 mcu_task_avg=0.000011 mcu_task_stddev=0.000011 bytes_write=4085 bytes_read=25807 bytes_retransmit=0 bytes_invalid=53 send_seq=178 receive_seq=178 retransmit_seq=0 srtt=0.000 rttvar=0.000 rto=0.025 ready_bytes=0 upcoming_bytes=0 freq=49999730 adj=49998201  raspberry_pi: temp=50.5 heater_bed: target=0 temp=24.9 pwm=0.000 sysload=0.47 cputime=6.398 memavail=705120 print_time=0.012 buffer_time=0.000 print_stall=0 extruder: target=0 temp=25.0 pwm=0.000
Stats 285862.5: gcodein=0  mcu: mcu_awake=0.001 mcu_task_avg=0.000008 mcu_task_stddev=0.000006 bytes_write=3294 bytes_read=8383 bytes_retransmit=63 bytes_invalid=7 send_seq=291 receive_seq=291 retransmit_seq=2 srtt=0.001 rttvar=0.000 rto=0.025 ready_bytes=0 upcoming_bytes=0 freq=100002667 rpi: mcu_awake=0.001 mcu_task_avg=0.000011 mcu_task_stddev=0.000011 bytes_write=4091 bytes_read=25823 bytes_retransmit=0 bytes_invalid=53 send_seq=179 receive_seq=179 retransmit_seq=0 srtt=0.000 rttvar=0.000 rto=0.025 ready_bytes=0 upcoming_bytes=0 freq=49999723 adj=49998365  raspberry_pi: temp=50.5 heater_bed: target=0 temp=24.9 pwm=0.000 sysload=0.52 cputime=6.441 memavail=704448 print_time=0.012 buffer_time=0.000 print_stall=0 extruder: target=0 temp=25.0 pwm=0.000
Stats 285863.5: gcodein=0  mcu: mcu_awake=0.001 mcu_task_avg=0.000008 mcu_task_stddev=0.000006 bytes_write=3300 bytes_read=8504 bytes_retransmit=63 bytes_invalid=7 send_seq=292 receive_seq=292 retransmit_seq=2 srtt=0.001 rttvar=0.000 rto=0.025 ready_bytes=0 upcoming_bytes=0 freq=100002707 rpi: mcu_awake=0.001 mcu_task_avg=0.000011 mcu_task_stddev=0.000011 bytes_write=4097 bytes_read=25839 bytes_retransmit=0 bytes_invalid=53 send_seq=180 receive_seq=180 retransmit_seq=0 srtt=0.000 rttvar=0.000 rto=0.025 ready_bytes=0 upcoming_bytes=0 freq=49999721 adj=49998319  raspberry_pi: temp=50.5 heater_bed: target=0 temp=24.8 pwm=0.000 sysload=0.52 cputime=6.482 memavail=704448 print_time=0.012 buffer_time=0.000 print_stall=0 extruder: target=0 temp=25.0 pwm=0.000
Stats 285864.5: gcodein=0  mcu: mcu_awake=0.001 mcu_task_avg=0.000008 mcu_task_stddev=0.000006 bytes_write=3306 bytes_read=8638 bytes_retransmit=63 bytes_invalid=7 send_seq=293 receive_seq=293 retransmit_seq=2 srtt=0.001 rttvar=0.000 rto=0.025 ready_bytes=0 upcoming_bytes=0 freq=100002701 rpi: mcu_awake=0.001 mcu_task_avg=0.000011 mcu_task_stddev=0.000011 bytes_write=4103 bytes_read=25868 bytes_retransmit=0 bytes_invalid=53 send_seq=181 receive_seq=181 retransmit_seq=0 srtt=0.000 rttvar=0.000 rto=0.025 ready_bytes=0 upcoming_bytes=0 freq=49999716 adj=49998198  raspberry_pi: temp=50.5 heater_bed: target=0 temp=24.9 pwm=0.000 sysload=0.52 cputime=6.525 memavail=704448 print_time=0.012 buffer_time=0.000 print_stall=0 extruder: target=0 temp=25.0 pwm=0.000
Stats 285865.5: gcodein=0  mcu: mcu_awake=0.001 mcu_task_avg=0.000008 mcu_task_stddev=0.000006 bytes_write=3312 bytes_read=8744 bytes_retransmit=63 bytes_invalid=7 send_seq=294 receive_seq=294 retransmit_seq=2 srtt=0.001 rttvar=0.000 rto=0.025 ready_bytes=0 upcoming_bytes=0 freq=100002695 rpi: mcu_awake=0.001 mcu_task_avg=0.000011 mcu_task_stddev=0.000011 bytes_write=4109 bytes_read=25884 bytes_retransmit=0 bytes_invalid=53 send_seq=182 receive_seq=182 retransmit_seq=0 srtt=0.000 rttvar=0.000 rto=0.025 ready_bytes=0 upcoming_bytes=0 freq=49999713 adj=49998226  raspberry_pi: temp=50.5 heater_bed: target=0 temp=24.9 pwm=0.000 sysload=0.52 cputime=6.565 memavail=703552 print_time=0.012 buffer_time=0.000 print_stall=0 extruder: target=0 temp=25.0 pwm=0.000
Stats 285866.5: gcodein=0  mcu: mcu_awake=0.001 mcu_task_avg=0.000008 mcu_task_stddev=0.000006 bytes_write=3318 bytes_read=8865 bytes_retransmit=63 bytes_invalid=7 send_seq=295 receive_seq=295 retransmit_seq=2 srtt=0.001 rttvar=0.000 rto=0.025 ready_bytes=0 upcoming_bytes=0 freq=100002709 rpi: mcu_awake=0.001 mcu_task_avg=0.000011 mcu_task_stddev=0.000011 bytes_write=4115 bytes_read=25900 bytes_retransmit=0 bytes_invalid=53 send_seq=183 receive_seq=183 retransmit_seq=0 srtt=0.000 rttvar=0.000 rto=0.025 ready_bytes=0 upcoming_bytes=0 freq=49999709 adj=49998265  raspberry_pi: temp=50.5 heater_bed: target=0 temp=24.9 pwm=0.000 sysload=0.52 cputime=6.605 memavail=701964 print_time=0.012 buffer_time=0.000 print_stall=0 extruder: target=0 temp=25.0 pwm=0.000
Stats 285867.5: gcodein=0  mcu: mcu_awake=0.001 mcu_task_avg=0.000008 mcu_task_stddev=0.000006 bytes_write=3324 bytes_read=8986 bytes_retransmit=63 bytes_invalid=7 send_seq=296 receive_seq=296 retransmit_seq=2 srtt=0.001 rttvar=0.000 rto=0.025 ready_bytes=0 upcoming_bytes=0 freq=100002706 rpi: mcu_awake=0.001 mcu_task_avg=0.000011 mcu_task_stddev=0.000011 bytes_write=4121 bytes_read=25916 bytes_retransmit=0 bytes_invalid=53 send_seq=184 receive_seq=184 retransmit_seq=0 srtt=0.000 rttvar=0.000 rto=0.025 ready_bytes=0 upcoming_bytes=0 freq=49999705 adj=49998210  raspberry_pi: temp=50.5 heater_bed: target=0 temp=24.9 pwm=0.000 sysload=0.47 cputime=6.647 memavail=706780 print_time=0.012 buffer_time=0.000 print_stall=0 extruder: target=0 temp=25.0 pwm=0.000
Stats 285868.5: gcodein=0  mcu: mcu_awake=0.001 mcu_task_avg=0.000008 mcu_task_stddev=0.000006 bytes_write=3330 bytes_read=9092 bytes_retransmit=63 bytes_invalid=7 send_seq=297 receive_seq=297 retransmit_seq=2 srtt=0.001 rttvar=0.000 rto=0.025 ready_bytes=0 upcoming_bytes=0 freq=100002701 rpi: mcu_awake=0.001 mcu_task_avg=0.000011 mcu_task_stddev=0.000011 bytes_write=4127 bytes_read=25932 bytes_retransmit=0 bytes_invalid=53 send_seq=185 receive_seq=185 retransmit_seq=0 srtt=0.000 rttvar=0.000 rto=0.025 ready_bytes=0 upcoming_bytes=0 freq=49999704 adj=49998232  raspberry_pi: temp=50.5 heater_bed: target=0 temp=24.9 pwm=0.000 sysload=0.47 cputime=6.693 memavail=705592 print_time=0.012 buffer_time=0.000 print_stall=0 extruder: target=0 temp=25.0 pwm=0.000
Stats 285869.5: gcodein=0  mcu: mcu_awake=0.001 mcu_task_avg=0.000008 mcu_task_stddev=0.000006 bytes_write=3336 bytes_read=9226 bytes_retransmit=63 bytes_invalid=7 send_seq=298 receive_seq=298 retransmit_seq=2 srtt=0.001 rttvar=0.000 rto=0.025 ready_bytes=0 upcoming_bytes=0 freq=100002697 rpi: mcu_awake=0.001 mcu_task_avg=0.000012 mcu_task_stddev=0.000012 bytes_write=4133 bytes_read=25961 bytes_retransmit=0 bytes_invalid=53 send_seq=186 receive_seq=186 retransmit_seq=0 srtt=0.000 rttvar=0.000 rto=0.025 ready_bytes=0 upcoming_bytes=0 freq=49999712 adj=49998274  raspberry_pi: temp=50.5 heater_bed: target=0 temp=24.9 pwm=0.000 sysload=0.47 cputime=6.736 memavail=705368 print_time=0.012 buffer_time=0.000 print_stall=0 extruder: target=0 temp=25.0 pwm=0.000
Stats 285870.5: gcodein=0  mcu: mcu_awake=0.001 mcu_task_avg=0.000008 mcu_task_stddev=0.000006 bytes_write=3342 bytes_read=9347 bytes_retransmit=63 bytes_invalid=7 send_seq=299 receive_seq=299 retransmit_seq=2 srtt=0.001 rttvar=0.000 rto=0.025 ready_bytes=0 upcoming_bytes=0 freq=100002692 rpi: mcu_awake=0.001 mcu_task_avg=0.000012 mcu_task_stddev=0.000012 bytes_write=4139 bytes_read=25977 bytes_retransmit=0 bytes_invalid=53 send_seq=187 receive_seq=187 retransmit_seq=0 srtt=0.000 rttvar=0.000 rto=0.025 ready_bytes=0 upcoming_bytes=0 freq=49999722 adj=49998369  raspberry_pi: temp=50.5 heater_bed: target=0 temp=24.9 pwm=0.000 sysload=0.47 cputime=6.779 memavail=709636 print_time=0.012 buffer_time=0.000 print_stall=0 extruder: target=0 temp=25.0 pwm=0.000
Stats 285871.5: gcodein=0  mcu: mcu_awake=0.001 mcu_task_avg=0.000008 mcu_task_stddev=0.000006 bytes_write=3348 bytes_read=9453 bytes_retransmit=63 bytes_invalid=7 send_seq=300 receive_seq=300 retransmit_seq=2 srtt=0.001 rttvar=0.000 rto=0.025 ready_bytes=0 upcoming_bytes=0 freq=100002688 rpi: mcu_awake=0.001 mcu_task_avg=0.000012 mcu_task_stddev=0.000012 bytes_write=4145 bytes_read=25993 bytes_retransmit=0 bytes_invalid=53 send_seq=188 receive_seq=188 retransmit_seq=0 srtt=0.000 rttvar=0.000 rto=0.025 ready_bytes=0 upcoming_bytes=0 freq=49999713 adj=49998455  raspberry_pi: temp=49.9 heater_bed: target=0 temp=24.9 pwm=0.000 sysload=0.47 cputime=6.819 memavail=709412 print_time=0.012 buffer_time=0.000 print_stall=0 extruder: target=0 temp=25.0 pwm=0.000
Stats 285872.5: gcodein=0  mcu: mcu_awake=0.001 mcu_task_avg=0.000008 mcu_task_stddev=0.000006 bytes_write=3354 bytes_read=9574 bytes_retransmit=63 bytes_invalid=7 send_seq=301 receive_seq=301 retransmit_seq=2 srtt=0.001 rttvar=0.000 rto=0.025 ready_bytes=0 upcoming_bytes=0 freq=100002686 rpi: mcu_awake=0.001 mcu_task_avg=0.000012 mcu_task_stddev=0.000012 bytes_write=4151 bytes_read=26009 bytes_retransmit=0 bytes_invalid=53 send_seq=189 receive_seq=189 retransmit_seq=0 srtt=0.000 rttvar=0.000 rto=0.025 ready_bytes=0 upcoming_bytes=0 freq=49999709 adj=49998388  raspberry_pi: temp=49.4 heater_bed: target=0 temp=24.9 pwm=0.000 sysload=0.44 cputime=6.860 memavail=708740 print_time=0.012 buffer_time=0.000 print_stall=0 extruder: target=0 temp=24.9 pwm=0.000
Stats 285873.5: gcodein=0  mcu: mcu_awake=0.001 mcu_task_avg=0.000008 mcu_task_stddev=0.000006 bytes_write=3360 bytes_read=9695 bytes_retransmit=63 bytes_invalid=7 send_seq=302 receive_seq=302 retransmit_seq=2 srtt=0.001 rttvar=0.000 rto=0.025 ready_bytes=0 upcoming_bytes=0 freq=100002685 rpi: mcu_awake=0.001 mcu_task_avg=0.000012 mcu_task_stddev=0.000012 bytes_write=4157 bytes_read=26025 bytes_retransmit=0 bytes_invalid=53 send_seq=190 receive_seq=190 retransmit_seq=0 srtt=0.000 rttvar=0.000 rto=0.025 ready_bytes=0 upcoming_bytes=0 freq=49999707 adj=49998357  raspberry_pi: temp=49.9 heater_bed: target=0 temp=24.9 pwm=0.000 sysload=0.44 cputime=6.902 memavail=708488 print_time=0.012 buffer_time=0.000 print_stall=0 extruder: target=0 temp=25.0 pwm=0.000
Stats 285874.5: gcodein=0  mcu: mcu_awake=0.001 mcu_task_avg=0.000008 mcu_task_stddev=0.000006 bytes_write=3366 bytes_read=9814 bytes_retransmit=63 bytes_invalid=7 send_seq=303 receive_seq=303 retransmit_seq=2 srtt=0.001 rttvar=0.000 rto=0.025 ready_bytes=0 upcoming_bytes=0 freq=100002686 rpi: mcu_awake=0.001 mcu_task_avg=0.000010 mcu_task_stddev=0.000009 bytes_write=4163 bytes_read=26054 bytes_retransmit=0 bytes_invalid=53 send_seq=191 receive_seq=191 retransmit_seq=0 srtt=0.000 rttvar=0.000 rto=0.025 ready_bytes=0 upcoming_bytes=0 freq=49999703 adj=49998350  raspberry_pi: temp=49.4 heater_bed: target=0 temp=24.9 pwm=0.000 sysload=0.44 cputime=6.945 memavail=708488 print_time=0.012 buffer_time=0.000 print_stall=0 extruder: target=0 temp=25.0 pwm=0.000
Stats 285875.5: gcodein=0  mcu: mcu_awake=0.001 mcu_task_avg=0.000008 mcu_task_stddev=0.000006 bytes_write=3372 bytes_read=9935 bytes_retransmit=63 bytes_invalid=7 send_seq=304 receive_seq=304 retransmit_seq=2 srtt=0.001 rttvar=0.000 rto=0.025 ready_bytes=0 upcoming_bytes=0 freq=100002684 rpi: mcu_awake=0.001 mcu_task_avg=0.000010 mcu_task_stddev=0.000009 bytes_write=4169 bytes_read=26070 bytes_retransmit=0 bytes_invalid=53 send_seq=192 receive_seq=192 retransmit_seq=0 srtt=0.000 rttvar=0.000 rto=0.025 ready_bytes=0 upcoming_bytes=0 freq=49999699 adj=49998312  raspberry_pi: temp=49.9 heater_bed: target=0 temp=24.9 pwm=0.000 sysload=0.44 cputime=6.987 memavail=708264 print_time=0.012 buffer_time=0.000 print_stall=0 extruder: target=0 temp=25.0 pwm=0.000
Stats 285876.5: gcodein=0  mcu: mcu_awake=0.001 mcu_task_avg=0.000008 mcu_task_stddev=0.000006 bytes_write=3378 bytes_read=10056 bytes_retransmit=63 bytes_invalid=7 send_seq=305 receive_seq=305 retransmit_seq=2 srtt=0.001 rttvar=0.000 rto=0.025 ready_bytes=0 upcoming_bytes=0 freq=100002681 rpi: mcu_awake=0.001 mcu_task_avg=0.000010 mcu_task_stddev=0.000009 bytes_write=4175 bytes_read=26086 bytes_retransmit=0 bytes_invalid=53 send_seq=193 receive_seq=193 retransmit_seq=0 srtt=0.000 rttvar=0.000 rto=0.025 ready_bytes=0 upcoming_bytes=0 freq=49999700 adj=49998305  raspberry_pi: temp=49.4 heater_bed: target=0 temp=24.9 pwm=0.000 sysload=0.44 cputime=7.028 memavail=707592 print_time=0.012 buffer_time=0.000 print_stall=0 extruder: target=0 temp=25.0 pwm=0.000
Stats 285877.5: gcodein=0  mcu: mcu_awake=0.001 mcu_task_avg=0.000008 mcu_task_stddev=0.000006 bytes_write=3384 bytes_read=10162 bytes_retransmit=63 bytes_invalid=7 send_seq=306 receive_seq=306 retransmit_seq=2 srtt=0.001 rttvar=0.000 rto=0.025 ready_bytes=0 upcoming_bytes=0 freq=100002678 rpi: mcu_awake=0.001 mcu_task_avg=0.000010 mcu_task_stddev=0.000009 bytes_write=4181 bytes_read=26102 bytes_retransmit=0 bytes_invalid=53 send_seq=194 receive_seq=194 retransmit_seq=0 srtt=0.000 rttvar=0.000 rto=0.025 ready_bytes=0 upcoming_bytes=0 freq=49999699 adj=49998336  raspberry_pi: temp=49.9 heater_bed: target=0 temp=24.9 pwm=0.000 sysload=0.48 cputime=7.071 memavail=707368 print_time=0.012 buffer_time=0.000 print_stall=0 extruder: target=0 temp=25.0 pwm=0.000
Stats 285878.5: gcodein=0  mcu: mcu_awake=0.001 mcu_task_avg=0.000008 mcu_task_stddev=0.000006 bytes_write=3390 bytes_read=10283 bytes_retransmit=63 bytes_invalid=7 send_seq=307 receive_seq=307 retransmit_seq=2 srtt=0.001 rttvar=0.000 rto=0.025 ready_bytes=0 upcoming_bytes=0 freq=100002676 rpi: mcu_awake=0.001 mcu_task_avg=0.000010 mcu_task_stddev=0.000009 bytes_write=4187 bytes_read=26118 bytes_retransmit=0 bytes_invalid=53 send_seq=195 receive_seq=195 retransmit_seq=0 srtt=0.000 rttvar=0.000 rto=0.025 ready_bytes=0 upcoming_bytes=0 freq=49999698 adj=49998344  raspberry_pi: temp=49.9 heater_bed: target=0 temp=24.9 pwm=0.000 sysload=0.48 cputime=7.124 memavail=705008 print_time=0.012 buffer_time=0.000 print_stall=0 extruder: target=0 temp=24.9 pwm=0.000
Stats 285879.5: gcodein=0  mcu: mcu_awake=0.001 mcu_task_avg=0.000008 mcu_task_stddev=0.000006 bytes_write=3396 bytes_read=10417 bytes_retransmit=63 bytes_invalid=7 send_seq=308 receive_seq=308 retransmit_seq=2 srtt=0.001 rttvar=0.000 rto=0.025 ready_bytes=0 upcoming_bytes=0 freq=100002674 rpi: mcu_awake=0.001 mcu_task_avg=0.000010 mcu_task_stddev=0.000011 bytes_write=4193 bytes_read=26147 bytes_retransmit=0 bytes_invalid=53 send_seq=196 receive_seq=196 retransmit_seq=0 srtt=0.000 rttvar=0.000 rto=0.025 ready_bytes=0 upcoming_bytes=0 freq=49999695 adj=49998351  raspberry_pi: temp=49.9 heater_bed: target=0 temp=24.9 pwm=0.000 sysload=0.48 cputime=7.166 memavail=705008 print_time=0.012 buffer_time=0.000 print_stall=0 extruder: target=0 temp=24.9 pwm=0.000
Stats 285880.5: gcodein=0  mcu: mcu_awake=0.001 mcu_task_avg=0.000008 mcu_task_stddev=0.000006 bytes_write=3402 bytes_read=10523 bytes_retransmit=63 bytes_invalid=7 send_seq=309 receive_seq=309 retransmit_seq=2 srtt=0.001 rttvar=0.000 rto=0.025 ready_bytes=0 upcoming_bytes=0 freq=100002674 rpi: mcu_awake=0.001 mcu_task_avg=0.000010 mcu_task_stddev=0.000011 bytes_write=4199 bytes_read=26163 bytes_retransmit=0 bytes_invalid=53 send_seq=197 receive_seq=197 retransmit_seq=0 srtt=0.000 rttvar=0.000 rto=0.025 ready_bytes=0 upcoming_bytes=0 freq=49999696 adj=49998333  raspberry_pi: temp=49.4 heater_bed: target=0 temp=24.8 pwm=0.000 sysload=0.48 cputime=7.210 memavail=704340 print_time=0.012 buffer_time=0.000 print_stall=0 extruder: target=0 temp=25.0 pwm=0.000
Stats 285881.5: gcodein=0  mcu: mcu_awake=0.001 mcu_task_avg=0.000008 mcu_task_stddev=0.000006 bytes_write=3408 bytes_read=10636 bytes_retransmit=63 bytes_invalid=7 send_seq=310 receive_seq=310 retransmit_seq=2 srtt=0.001 rttvar=0.000 rto=0.025 ready_bytes=0 upcoming_bytes=0 freq=100002673 rpi: mcu_awake=0.001 mcu_task_avg=0.000010 mcu_task_stddev=0.000011 bytes_write=4205 bytes_read=26179 bytes_retransmit=0 bytes_invalid=53 send_seq=198 receive_seq=198 retransmit_seq=0 srtt=0.000 rttvar=0.000 rto=0.025 ready_bytes=0 upcoming_bytes=0 freq=49999698 adj=49998352  raspberry_pi: temp=49.4 heater_bed: target=0 temp=24.9 pwm=0.000 sysload=0.48 cputime=7.253 memavail=703892 print_time=0.012 buffer_time=0.000 print_stall=0 extruder: target=0 temp=25.0 pwm=0.000
Stats 285882.5: gcodein=0  mcu: mcu_awake=0.001 mcu_task_avg=0.000008 mcu_task_stddev=0.000006 bytes_write=3414 bytes_read=10749 bytes_retransmit=63 bytes_invalid=7 send_seq=311 receive_seq=311 retransmit_seq=2 srtt=0.001 rttvar=0.000 rto=0.025 ready_bytes=0 upcoming_bytes=0 freq=100002672 rpi: mcu_awake=0.001 mcu_task_avg=0.000010 mcu_task_stddev=0.000011 bytes_write=4211 bytes_read=26195 bytes_retransmit=0 bytes_invalid=53 send_seq=199 receive_seq=199 retransmit_seq=0 srtt=0.000 rttvar=0.000 rto=0.025 ready_bytes=0 upcoming_bytes=0 freq=49999695 adj=49998372  raspberry_pi: temp=49.4 heater_bed: target=0 temp=24.9 pwm=0.000 sysload=0.44 cputime=7.296 memavail=703668 print_time=0.012 buffer_time=0.000 print_stall=0 extruder: target=0 temp=25.0 pwm=0.000
Stats 285883.5: gcodein=0  mcu: mcu_awake=0.001 mcu_task_avg=0.000008 mcu_task_stddev=0.000006 bytes_write=3420 bytes_read=10850 bytes_retransmit=63 bytes_invalid=7 send_seq=312 receive_seq=312 retransmit_seq=2 srtt=0.001 rttvar=0.000 rto=0.025 ready_bytes=0 upcoming_bytes=0 freq=100002671 rpi: mcu_awake=0.001 mcu_task_avg=0.000010 mcu_task_stddev=0.000011 bytes_write=4217 bytes_read=26211 bytes_retransmit=0 bytes_invalid=53 send_seq=200 receive_seq=200 retransmit_seq=0 srtt=0.000 rttvar=0.000 rto=0.025 ready_bytes=0 upcoming_bytes=0 freq=49999692 adj=49998345  raspberry_pi: temp=48.3 heater_bed: target=0 temp=24.9 pwm=0.000 sysload=0.44 cputime=7.337 memavail=702772 print_time=0.012 buffer_time=0.000 print_stall=0 extruder: target=0 temp=25.0 pwm=0.000
Stats 285884.5: gcodein=0  mcu: mcu_awake=0.001 mcu_task_avg=0.000008 mcu_task_stddev=0.000005 bytes_write=3426 bytes_read=10984 bytes_retransmit=63 bytes_invalid=7 send_seq=313 receive_seq=313 retransmit_seq=2 srtt=0.001 rttvar=0.000 rto=0.025 ready_bytes=0 upcoming_bytes=0 freq=100002669 rpi: mcu_awake=0.001 mcu_task_avg=0.000011 mcu_task_stddev=0.000011 bytes_write=4229 bytes_read=26256 bytes_retransmit=0 bytes_invalid=53 send_seq=202 receive_seq=202 retransmit_seq=0 srtt=0.000 rttvar=0.000 rto=0.025 ready_bytes=0 upcoming_bytes=0 freq=49999694 adj=49998327  raspberry_pi: temp=48.9 heater_bed: target=0 temp=24.9 pwm=0.000 sysload=0.44 cputime=7.379 memavail=702772 print_time=0.012 buffer_time=0.000 print_stall=0 extruder: target=0 temp=25.0 pwm=0.000
Stats 285885.5: gcodein=0  mcu: mcu_awake=0.001 mcu_task_avg=0.000008 mcu_task_stddev=0.000005 bytes_write=3432 bytes_read=11105 bytes_retransmit=63 bytes_invalid=7 send_seq=314 receive_seq=314 retransmit_seq=2 srtt=0.001 rttvar=0.000 rto=0.025 ready_bytes=0 upcoming_bytes=0 freq=100002668 rpi: mcu_awake=0.001 mcu_task_avg=0.000011 mcu_task_stddev=0.000011 bytes_write=4235 bytes_read=26271 bytes_retransmit=0 bytes_invalid=53 send_seq=203 receive_seq=203 retransmit_seq=0 srtt=0.000 rttvar=0.000 rto=0.025 ready_bytes=0 upcoming_bytes=0 freq=49999692 adj=49998364  raspberry_pi: temp=48.3 heater_bed: target=0 temp=24.9 pwm=0.000 sysload=0.44 cputime=7.420 memavail=702100 print_time=0.012 buffer_time=0.000 print_stall=0 extruder: target=0 temp=25.0 pwm=0.000
Stats 285886.5: gcodein=0  mcu: mcu_awake=0.001 mcu_task_avg=0.000008 mcu_task_stddev=0.000005 bytes_write=3438 bytes_read=11211 bytes_retransmit=63 bytes_invalid=7 send_seq=315 receive_seq=315 retransmit_seq=2 srtt=0.001 rttvar=0.000 rto=0.025 ready_bytes=0 upcoming_bytes=0 freq=100002668 rpi: mcu_awake=0.001 mcu_task_avg=0.000011 mcu_task_stddev=0.000011 bytes_write=4241 bytes_read=26285 bytes_retransmit=0 bytes_invalid=53 send_seq=204 receive_seq=204 retransmit_seq=0 srtt=0.000 rttvar=0.000 rto=0.025 ready_bytes=0 upcoming_bytes=0 freq=49999690 adj=49998348  raspberry_pi: temp=48.9 heater_bed: target=0 temp=24.9 pwm=0.000 sysload=0.44 cputime=7.462 memavail=702100 print_time=0.012 buffer_time=0.000 print_stall=0 extruder: target=0 temp=25.0 pwm=0.000
Stats 285887.5: gcodein=0  mcu: mcu_awake=0.001 mcu_task_avg=0.000008 mcu_task_stddev=0.000005 bytes_write=3444 bytes_read=11332 bytes_retransmit=63 bytes_invalid=7 send_seq=316 receive_seq=316 retransmit_seq=2 srtt=0.001 rttvar=0.000 rto=0.025 ready_bytes=0 upcoming_bytes=0 freq=100002669 rpi: mcu_awake=0.001 mcu_task_avg=0.000011 mcu_task_stddev=0.000011 bytes_write=4247 bytes_read=26300 bytes_retransmit=0 bytes_invalid=53 send_seq=205 receive_seq=205 retransmit_seq=0 srtt=0.000 rttvar=0.000 rto=0.025 ready_bytes=0 upcoming_bytes=0 freq=49999688 adj=49998329  raspberry_pi: temp=49.4 heater_bed: target=0 temp=24.9 pwm=0.000 sysload=0.41 cputime=7.502 memavail=701652 print_time=0.012 buffer_time=0.000 print_stall=0 extruder: target=0 temp=25.0 pwm=0.000
Stats 285888.5: gcodein=0  mcu: mcu_awake=0.001 mcu_task_avg=0.000008 mcu_task_stddev=0.000005 bytes_write=3450 bytes_read=11453 bytes_retransmit=63 bytes_invalid=7 send_seq=317 receive_seq=317 retransmit_seq=2 srtt=0.001 rttvar=0.000 rto=0.025 ready_bytes=0 upcoming_bytes=0 freq=100002668 rpi: mcu_awake=0.001 mcu_task_avg=0.000011 mcu_task_stddev=0.000011 bytes_write=4253 bytes_read=26315 bytes_retransmit=0 bytes_invalid=53 send_seq=206 receive_seq=206 retransmit_seq=0 srtt=0.000 rttvar=0.000 rto=0.025 ready_bytes=0 upcoming_bytes=0 freq=49999683 adj=49998313  raspberry_pi: temp=48.9 heater_bed: target=0 temp=24.9 pwm=0.000 sysload=0.41 cputime=7.544 memavail=700768 print_time=0.012 buffer_time=0.000 print_stall=0 extruder: target=0 temp=25.0 pwm=0.000
Stats 285889.5: gcodein=0  mcu: mcu_awake=0.001 mcu_task_avg=0.000008 mcu_task_stddev=0.000005 bytes_write=3456 bytes_read=11572 bytes_retransmit=63 bytes_invalid=7 send_seq=318 receive_seq=318 retransmit_seq=2 srtt=0.001 rttvar=0.000 rto=0.025 ready_bytes=0 upcoming_bytes=0 freq=100002668 rpi: mcu_awake=0.001 mcu_task_avg=0.000010 mcu_task_stddev=0.000010 bytes_write=4259 bytes_read=26343 bytes_retransmit=0 bytes_invalid=53 send_seq=207 receive_seq=207 retransmit_seq=0 srtt=0.000 rttvar=0.000 rto=0.025 ready_bytes=0 upcoming_bytes=0 freq=49999684 adj=49998278  raspberry_pi: temp=48.9 heater_bed: target=0 temp=24.9 pwm=0.000 sysload=0.41 cputime=7.585 memavail=700768 print_time=0.012 buffer_time=0.000 print_stall=0 extruder: target=0 temp=25.0 pwm=0.000
Stats 285890.5: gcodein=0  mcu: mcu_awake=0.001 mcu_task_avg=0.000008 mcu_task_stddev=0.000005 bytes_write=3462 bytes_read=11693 bytes_retransmit=63 bytes_invalid=7 send_seq=319 receive_seq=319 retransmit_seq=2 srtt=0.001 rttvar=0.000 rto=0.025 ready_bytes=0 upcoming_bytes=0 freq=100002667 rpi: mcu_awake=0.001 mcu_task_avg=0.000010 mcu_task_stddev=0.000010 bytes_write=4265 bytes_read=26358 bytes_retransmit=0 bytes_invalid=53 send_seq=208 receive_seq=208 retransmit_seq=0 srtt=0.000 rttvar=0.000 rto=0.025 ready_bytes=0 upcoming_bytes=0 freq=49999685 adj=49998310  raspberry_pi: temp=48.3 heater_bed: target=0 temp=24.9 pwm=0.000 sysload=0.41 cputime=7.627 memavail=706780 print_time=0.012 buffer_time=0.000 print_stall=0 extruder: target=0 temp=25.0 pwm=0.000
Stats 285891.5: gcodein=0  mcu: mcu_awake=0.001 mcu_task_avg=0.000008 mcu_task_stddev=0.000005 bytes_write=3468 bytes_read=11814 bytes_retransmit=63 bytes_invalid=7 send_seq=320 receive_seq=320 retransmit_seq=2 srtt=0.001 rttvar=0.000 rto=0.025 ready_bytes=0 upcoming_bytes=0 freq=100002666 rpi: mcu_awake=0.001 mcu_task_avg=0.000010 mcu_task_stddev=0.000010 bytes_write=4271 bytes_read=26374 bytes_retransmit=0 bytes_invalid=53 send_seq=209 receive_seq=209 retransmit_seq=0 srtt=0.000 rttvar=0.000 rto=0.025 ready_bytes=0 upcoming_bytes=0 freq=49999685 adj=49998338  raspberry_pi: temp=48.3 heater_bed: target=0 temp=24.9 pwm=0.000 sysload=0.41 cputime=7.668 memavail=706720 print_time=0.012 buffer_time=0.000 print_stall=0 extruder: target=0 temp=25.0 pwm=0.000
Stats 285892.5: gcodein=0  mcu: mcu_awake=0.001 mcu_task_avg=0.000008 mcu_task_stddev=0.000005 bytes_write=3474 bytes_read=11920 bytes_retransmit=63 bytes_invalid=7 send_seq=321 receive_seq=321 retransmit_seq=2 srtt=0.001 rttvar=0.000 rto=0.025 ready_bytes=0 upcoming_bytes=0 freq=100002664 rpi: mcu_awake=0.001 mcu_task_avg=0.000010 mcu_task_stddev=0.000010 bytes_write=4277 bytes_read=26390 bytes_retransmit=0 bytes_invalid=53 send_seq=210 receive_seq=210 retransmit_seq=0 srtt=0.000 rttvar=0.000 rto=0.025 ready_bytes=0 upcoming_bytes=0 freq=49999686 adj=49998345  raspberry_pi: temp=48.9 heater_bed: target=0 temp=24.9 pwm=0.000 sysload=0.37 cputime=7.709 memavail=705824 print_time=0.012 buffer_time=0.000 print_stall=0 extruder: target=0 temp=25.0 pwm=0.000
Stats 285893.5: gcodein=0  mcu: mcu_awake=0.001 mcu_task_avg=0.000008 mcu_task_stddev=0.000005 bytes_write=3480 bytes_read=12041 bytes_retransmit=63 bytes_invalid=7 send_seq=322 receive_seq=322 retransmit_seq=2 srtt=0.001 rttvar=0.000 rto=0.025 ready_bytes=0 upcoming_bytes=0 freq=100002662 rpi: mcu_awake=0.001 mcu_task_avg=0.000010 mcu_task_stddev=0.000010 bytes_write=4283 bytes_read=26406 bytes_retransmit=0 bytes_invalid=53 send_seq=211 receive_seq=211 retransmit_seq=0 srtt=0.000 rttvar=0.000 rto=0.025 ready_bytes=0 upcoming_bytes=0 freq=49999686 adj=49998364  raspberry_pi: temp=48.3 heater_bed: target=0 temp=24.9 pwm=0.000 sysload=0.37 cputime=7.752 memavail=705152 print_time=0.012 buffer_time=0.000 print_stall=0 extruder: target=0 temp=25.0 pwm=0.000
Stats 285894.5: gcodein=0  mcu: mcu_awake=0.001 mcu_task_avg=0.000008 mcu_task_stddev=0.000006 bytes_write=3486 bytes_read=12175 bytes_retransmit=63 bytes_invalid=7 send_seq=323 receive_seq=323 retransmit_seq=2 srtt=0.001 rttvar=0.000 rto=0.025 ready_bytes=0 upcoming_bytes=0 freq=100002661 rpi: mcu_awake=0.001 mcu_task_avg=0.000011 mcu_task_stddev=0.000010 bytes_write=4289 bytes_read=26435 bytes_retransmit=0 bytes_invalid=53 send_seq=212 receive_seq=212 retransmit_seq=0 srtt=0.000 rttvar=0.000 rto=0.025 ready_bytes=0 upcoming_bytes=0 freq=49999684 adj=49998369  raspberry_pi: temp=48.3 heater_bed: target=0 temp=24.9 pwm=0.000 sysload=0.37 cputime=7.793 memavail=704900 print_time=0.012 buffer_time=0.000 print_stall=0 extruder: target=0 temp=25.0 pwm=0.000
Stats 285895.5: gcodein=0  mcu: mcu_awake=0.001 mcu_task_avg=0.000008 mcu_task_stddev=0.000006 bytes_write=3492 bytes_read=12281 bytes_retransmit=63 bytes_invalid=7 send_seq=324 receive_seq=324 retransmit_seq=2 srtt=0.001 rttvar=0.000 rto=0.025 ready_bytes=0 upcoming_bytes=0 freq=100002660 rpi: mcu_awake=0.001 mcu_task_avg=0.000011 mcu_task_stddev=0.000010 bytes_write=4295 bytes_read=26451 bytes_retransmit=0 bytes_invalid=53 send_seq=213 receive_seq=213 retransmit_seq=0 srtt=0.000 rttvar=0.000 rto=0.025 ready_bytes=0 upcoming_bytes=0 freq=49999684 adj=49998349  raspberry_pi: temp=48.3 heater_bed: target=0 temp=24.9 pwm=0.000 sysload=0.37 cputime=7.835 memavail=704940 print_time=0.012 buffer_time=0.000 print_stall=0 extruder: target=0 temp=25.0 pwm=0.000
Stats 285896.5: gcodein=0  mcu: mcu_awake=0.001 mcu_task_avg=0.000008 mcu_task_stddev=0.000006 bytes_write=3498 bytes_read=12402 bytes_retransmit=63 bytes_invalid=7 send_seq=325 receive_seq=325 retransmit_seq=2 srtt=0.001 rttvar=0.000 rto=0.025 ready_bytes=0 upcoming_bytes=0 freq=100002659 rpi: mcu_awake=0.001 mcu_task_avg=0.000011 mcu_task_stddev=0.000010 bytes_write=4301 bytes_read=26467 bytes_retransmit=0 bytes_invalid=53 send_seq=214 receive_seq=214 retransmit_seq=0 srtt=0.000 rttvar=0.000 rto=0.025 ready_bytes=0 upcoming_bytes=0 freq=49999690 adj=49998358  raspberry_pi: temp=47.8 heater_bed: target=0 temp=24.9 pwm=0.000 sysload=0.37 cputime=7.877 memavail=704728 print_time=0.012 buffer_time=0.000 print_stall=0 extruder: target=0 temp=24.9 pwm=0.000
Stats 285897.5: gcodein=0  mcu: mcu_awake=0.001 mcu_task_avg=0.000008 mcu_task_stddev=0.000006 bytes_write=3504 bytes_read=12523 bytes_retransmit=63 bytes_invalid=7 send_seq=326 receive_seq=326 retransmit_seq=2 srtt=0.001 rttvar=0.000 rto=0.025 ready_bytes=0 upcoming_bytes=0 freq=100002660 rpi: mcu_awake=0.001 mcu_task_avg=0.000011 mcu_task_stddev=0.000010 bytes_write=4307 bytes_read=26483 bytes_retransmit=0 bytes_invalid=53 send_seq=215 receive_seq=215 retransmit_seq=0 srtt=0.000 rttvar=0.000 rto=0.025 ready_bytes=0 upcoming_bytes=0 freq=49999692 adj=49998434  raspberry_pi: temp=47.8 heater_bed: target=0 temp=24.8 pwm=0.000 sysload=0.43 cputime=7.917 memavail=704728 print_time=0.012 buffer_time=0.000 print_stall=0 extruder: target=0 temp=25.0 pwm=0.000
