-------------------- Log Start | Sat Apr 27 04:08:50 2024 --------------------
platform: Linux-6.1.21-v7+-armv7l-with-glibc2.31
data_path: /home/m/printer_data
is_default_data_path: False
config_file: /home/m/printer_data/config/moonraker.conf
startup_warnings: []
verbose: False
debug: False
asyncio_debug: False
is_backup_config: False
is_python_package: True
instance_uuid: 2789442f2e9a445a89964c1bbf7d3a06
unix_socket_path: /home/m/printer_data/comms/moonraker.sock
software_version: v0.8.0-325-g99b97af
git_branch: master
git_remote: origin
git_repo_url: https://github.com/Arksine/moonraker.git
modified_files: []
unofficial_components: []
log_file: /home/m/printer_data/logs/moonraker.log
python_version: 3.9.2 (default, Mar 12 2021, 04:06:34)  [GCC 10.2.1 20210110]
launch_args: /home/m/moonraker-env/bin/python /home/m/moonraker/moonraker/__main__.py -d /home/m/printer_data
msgspec_enabled: False
uvloop_enabled: False

#################### Moonraker Configuration ####################

[server]
host = 0.0.0.0
port = 7125
max_upload_size = 1024
klippy_uds_address = ~/printer_data/comms/klippy.sock

[file_manager]
enable_object_processing = True

[authorization]
cors_domains = 
	https://my.mainsail.xyz
	http://my.mainsail.xyz
	http://*.local
	http://*.lan
	http://*.m01.cl
trusted_clients = 
	172.22.0.0/16
	10.0.0.0/8
	127.0.0.0/8
	169.254.0.0/16
	172.16.0.0/12
	192.168.0.0/16
	FE80::/10
	::1/128

[octoprint_compat]

[history]

[announcements]
subscriptions = 
	mainsail

[update_manager]
refresh_interval = 168
enable_auto_refresh = True

[update_manager mainsail]
type = web
channel = stable
repo = mainsail-crew/mainsail
path = ~/mainsail

[update_manager mainsail-config]
type = git_repo
primary_branch = master
path = ~/mainsail-config
origin = https://github.com/mainsail-crew/mainsail-config.git
managed_services = klipper

[update_manager crowsnest]
type = git_repo
path = ~/crowsnest
origin = https://github.com/mainsail-crew/crowsnest.git
managed_services = crowsnest
install_script = tools/pkglist.sh

[update_manager sonar]
type = git_repo
path = ~/sonar
origin = https://github.com/mainsail-crew/sonar.git
primary_branch = main
managed_services = sonar
install_script = tools/install.sh

[power printer]
type = gpio
pin = gpiochip0/gpio23
locked_while_printing = True
on_when_job_queued = True
restart_klipper_when_powered = True
restart_delay = 2
bound_service = klipper

[update_manager client moonraker-telegram-bot]
type = git_repo
path = ~/moonraker-telegram-bot
origin = https://github.com/nlef/moonraker-telegram-bot.git
env = ~/moonraker-telegram-bot-env/bin/python
requirements = scripts/requirements.txt
install_script = scripts/install.sh

[update_manager Klipper-Adaptive-Meshing-Purging]
type = git_repo
channel = dev
path = ~/Klipper-Adaptive-Meshing-Purging
origin = https://github.com/kyleisah/Klipper-Adaptive-Meshing-Purging.git
managed_services = klipper
primary_branch = main

#################################################################
All Configuration Files:
/home/m/printer_data/config/moonraker.conf
#################################################################

Database Versions: pylmdb = 1.4.1, lmdb = (0, 9, 29)
Unsafe Shutdown Count: 29

System Info:

***python***
  version: (3, 9, 2, 'final', 0)
  version_string: 3.9.2 (default, Mar 12 2021, 04:06:34)  [GCC 10.2.1 20210110]

***cpu_info***
  cpu_count: 4
  bits: 32bit
  processor: armv7l
  cpu_desc: ARMv7 Processor rev 4 (v7l)
  serial_number: 1186635f
  hardware_desc: BCM2835
  model: Raspberry Pi 3 Model B Plus Rev 1.3
  total_memory: 891696
  memory_units: kB

***sd_info***
  manufacturer_id: 03
  manufacturer: Sandisk
  oem_id: 5344
  product_name: SC32G
  product_revision: 8.0
  serial_number: 7c983a54
  manufacturer_date: 12/2018
  capacity: 29.7 GiB
  total_bytes: 31914983424

***distribution***
  name: Raspbian GNU/Linux 11 (bullseye)
  id: raspbian
  version: 11
  version_parts: {'major': '11', 'minor': '', 'build_number': ''}
  like: debian
  codename: bullseye
  release_info: {'name': 'MainsailOS', 'version_id': '1.2.1', 'codename': 'bullseye', 'id': 'mainsailos'}
  kernel_version: 6.1.21-v7+

***virtualization***
  virt_type: none
  virt_identifier: none

***network***

***canbus***

***Allowed Services***
  klipper_mcu
  webcamd
  MoonCord
  KlipperScreen
  moonraker-telegram-bot
  moonraker-obico
  sonar
  crowsnest
  octoeverywhere
  ratos-configurator
Found libcamera Python module, version: v0.0.5+83-bde9b04f

Systemd unit moonraker.service:
unit_name: moonraker.service
is_default: True
manager: systemd
Properties:
**Requires=['system.slice', 'sysinit.target', 'network-online.target']
**After=['system.slice', 'network-online.target', 'systemd-journald.socket', 'basic.target', 'klipper.service', 'sysinit.target']
**SupplementaryGroups=['moonraker-admin']
**EnvironmentFiles=/home/m/printer_data/systemd/moonraker.env
**ExecStart=/home/m/moonraker-env/bin/python $MOONRAKER_ARGS
**WorkingDirectory=
**FragmentPath=/etc/systemd/system/moonraker.service
**Description=API Server for Klipper SV1
**User=m

Systemd unit klipper.service:
unit_name: klipper.service
is_default: True
manager: systemd
Properties:
**Requires=['sysinit.target', '-.mount', 'system.slice']
**After=['network-online.target', 'system.slice', '-.mount', 'klipper-mcu.service', 'systemd-journald.socket', 'basic.target', 'sysinit.target']
**SupplementaryGroups=[]
**EnvironmentFiles=/home/m/printer_data/systemd/klipper.env
**ExecStart=/home/m/klippy-env/bin/python $KLIPPER_ARGS
**WorkingDirectory=/home/m/klipper
**FragmentPath=/etc/systemd/system/klipper.service
**Description=Klipper 3D Printer Firmware SV1
**User=m
Git Repo moonraker: Warnings detected:
  Repo has untracked source files: ['moonraker/components/timelapse.py']
Git Repo klipper: Warnings detected:
  Repo has untracked source files: ['klippy/extras/fcm.py']
Git Repo mainsail-config: No warnings detected
Git Repo crowsnest: No warnings detected
Git Repo sonar: No warnings detected
Git Repo moonraker-telegram-bot: No warnings detected
Git Repo Klipper-Adaptive-Meshing-Purging: No warnings detected
Klipper Version: v0.12.0-143-g01c7befa-dirty
2024-04-27 00:08:50,150 [application.py:prepare()] - Upload Request Received from 172.22.200.112
Content-Type: multipart/form-data; boundary=------------------------243a1b54ec37ac90
2024-04-27 00:09:01,320 [application.py:post()] - Processing Uploaded File: Wing Inner R_PLA_7h36m.gcode
2024-04-27 00:09:01,771 [shell_command.py:pipe_data_received()] - INFO:metadata:Object Processing is enabled

2024-04-27 00:09:01,797 [shell_command.py:pipe_data_received()] - INFO:metadata:File 'Wing Inner R_PLA_7h36m.gcode' currently supports cancellation, processing aborted

2024-04-27 00:09:01,939 [shell_command.py:_check_proc_success()] - Command (/home/m/moonraker-env/bin/python /home/m/moonraker/moonraker/components/file_manager/metadata.py -p /home/m/printer_data/gcodes -f "Wing Inner R_PLA_7h36m.gcode" --check-objects) successfully finished
2024-04-27 00:09:01,981 [application.py:log_request()] - 201 POST /api/files/local (172.22.200.112) [_TRUSTED_USER_] 11832.91ms
2024-04-27 00:09:02,169 [job_state.py:_status_update()] - Job Started: Wing Inner R_PLA_7h36m.gcode
2024-04-27 00:09:02,185 [authorization.py:_check_trusted_connection()] - Trusted Connection Detected, IP: 127.0.0.1
2024-04-27 00:15:00,653 [power.py:process_bound_services()] - Power Device printer: Performing stop action on bound service klipper
2024-04-27 00:15:00,770 [klippy_connection.py:_on_connection_closed()] - Klippy Connection Removed
2024-04-27 00:15:00,791 [application.py:log_request()] - 503 GET /printer/objects/list (127.0.0.1) [_TRUSTED_USER_] 4.95ms
2024-04-27 00:15:02,803 [common.py:build_error()] - JSON-RPC Request Error - Requested Method: printer.info, Code: 503, Message: Klippy Host not connected
2024-04-27 00:15:04,803 [common.py:build_error()] - JSON-RPC Request Error - Requested Method: printer.info, Code: 503, Message: Klippy Host not connected
2024-04-27 00:15:06,804 [common.py:build_error()] - JSON-RPC Request Error - Requested Method: printer.info, Code: 503, Message: Klippy Host not connected
2024-04-27 00:15:07,417 [common.py:build_error()] - JSON-RPC Request Error - Requested Method: printer.objects.query, Code: 503, Message: Klippy Host not connected
2024-04-27 00:15:07,434 [common.py:build_error()] - JSON-RPC Request Error - Requested Method: printer.info, Code: 503, Message: Klippy Host not connected
2024-04-27 00:15:07,441 [common.py:build_error()] - JSON-RPC Request Error - Requested Method: printer.objects.query, Code: 503, Message: Klippy Host not connected
2024-04-27 00:15:08,362 [power.py:process_bound_services()] - Power Device printer: Performing start action on bound service klipper
2024-04-27 00:15:08,816 [common.py:build_error()] - JSON-RPC Request Error - Requested Method: printer.info, Code: 503, Message: Klippy Host not connected
2024-04-27 00:15:09,595 [klippy_connection.py:_do_connect()] - Klippy Connection Established
2024-04-27 00:15:14,205 [klippy_connection.py:_request_initial_subscriptions()] - Webhooks Subscribed
2024-04-27 00:15:14,207 [klippy_connection.py:_request_initial_subscriptions()] - GCode Output Subscribed
2024-04-27 00:15:14,210 [power.py:_schedule_firmware_restart()] - Power Device printer: Klipper reports 'ready', aborting FIRMWARE_RESTART
2024-04-27 00:15:14,457 [job_state.py:_handle_started()] - Job state initialized: standby
2024-04-27 00:15:14,746 [klippy_connection.py:_check_ready()] - Klippy ready
2024-04-27 00:15:15,762 [data_store.py:_init_sensors()] - Configuring available sensors: ['temperature_sensor raspberry_pi', 'heater_bed', 'extruder']
2024-04-27 00:17:42,056 [application.py:prepare()] - Upload Request Received from 172.22.200.112
Content-Type: multipart/form-data; boundary=------------------------ca6edbd1fdc9ad4a
2024-04-27 00:17:52,371 [application.py:post()] - Processing Uploaded File: Wing Inner R_PLA_7h36m.gcode
2024-04-27 00:17:52,814 [shell_command.py:pipe_data_received()] - INFO:metadata:Object Processing is enabled

2024-04-27 00:17:52,838 [shell_command.py:pipe_data_received()] - INFO:metadata:File 'Wing Inner R_PLA_7h36m.gcode' currently supports cancellation, processing aborted

2024-04-27 00:17:52,975 [shell_command.py:_check_proc_success()] - Command (/home/m/moonraker-env/bin/python /home/m/moonraker/moonraker/components/file_manager/metadata.py -p /home/m/printer_data/gcodes -f "Wing Inner R_PLA_7h36m.gcode" --check-objects) successfully finished
2024-04-27 00:17:53,016 [application.py:log_request()] - 201 POST /api/files/local (172.22.200.112) [_TRUSTED_USER_] 10962.50ms
2024-04-27 00:17:53,184 [job_state.py:_status_update()] - Job Started: Wing Inner R_PLA_7h36m.gcode
2024-04-27 00:54:34,225 [update_manager.py:_handle_auto_refresh()] - Klippy is printing, auto refresh aborted
2024-04-27 01:19:40,757 [authorization.py:_prune_conn_handler()] - Trusted Connection Expired, IP: 172.22.200.112
2024-04-27 01:19:40,757 [authorization.py:_prune_conn_handler()] - Trusted Connection Expired, IP: 127.0.0.1
2024-04-27 01:54:34,226 [update_manager.py:_handle_auto_refresh()] - Klippy is printing, auto refresh aborted
2024-04-27 02:54:34,226 [update_manager.py:_handle_auto_refresh()] - Klippy is printing, auto refresh aborted
2024-04-27 03:54:34,227 [update_manager.py:_handle_auto_refresh()] - Klippy is printing, auto refresh aborted
2024-04-27 04:54:34,228 [update_manager.py:_handle_auto_refresh()] - Klippy is printing, auto refresh aborted
